#
# There is insufficient memory for the Java Runtime Environment to continue.
# Native memory allocation (mmap) failed to map 65536 bytes for Failed to commit metaspace.
# Possible reasons:
#   The system is out of physical RAM or swap space
#   The process is running with CompressedOops enabled, and the Java Heap may be blocking the growth of the native heap
# Possible solutions:
#   Reduce memory load on the system
#   Increase physical memory or swap space
#   Check if swap backing store is full
#   Decrease Java heap size (-Xmx/-Xms)
#   Decrease number of Java threads
#   Decrease Java thread stack sizes (-Xss)
#   Set larger code cache with -XX:ReservedCodeCacheSize=
#   JVM is running with Unscaled Compressed Oops mode in which the Java heap is
#     placed in the first 4GB address space. The Java Heap base address is the
#     maximum limit for the native heap growth. Please use -XX:HeapBaseMinAddress
#     to set the Java Heap base and to place the Java Heap above 4GB virtual address.
# This output file may be truncated or incomplete.
#
#  Out of Memory Error (virtualSpaceNode.cpp:110), pid=1508, tid=10868
#
# JRE version: OpenJDK Runtime Environment Temurin-17.0.8+7 (17.0.8+7) (build 17.0.8+7)
# Java VM: OpenJDK 64-Bit Server VM Temurin-17.0.8+7 (17.0.8+7, mixed mode, tiered, compressed oops, compressed class ptrs, g1 gc, windows-amd64)
# No core dump will be written. Minidumps are not enabled by default on client versions of Windows
#

---------------  S U M M A R Y ------------

Command Line: -Dfile.encoding=UTF-8 -XX:+ShowCodeDetailsInExceptionMessages principal.Main

Host: Intel(R) Core(TM) i5-4670S CPU @ 3.10GHz, 4 cores, 3G,  Windows 10 , 64 bit Build 19041 (10.0.19041.3570)
Time: Thu Nov  9 12:44:51 2023 Hora est. Pacífico, Sudamérica elapsed time: 0.227884 seconds (0d 0h 0m 0s)

---------------  T H R E A D  ---------------

Current thread (0x00000266e3636330):  JavaThread "main" [_thread_in_vm, id=10868, stack(0x000000c48ed00000,0x000000c48ee00000)]

Stack: [0x000000c48ed00000,0x000000c48ee00000]
Native frames: (J=compiled Java code, j=interpreted, Vv=VM code, C=native code)
V  [jvm.dll+0x678b0a]
V  [jvm.dll+0x835e84]
V  [jvm.dll+0x83762e]
V  [jvm.dll+0x837c93]
V  [jvm.dll+0x24746f]
V  [jvm.dll+0x831f1b]
V  [jvm.dll+0x61d3c6]
V  [jvm.dll+0x61d42a]
V  [jvm.dll+0x61fc5a]
V  [jvm.dll+0x61dd66]
V  [jvm.dll+0x23b9ff]
V  [jvm.dll+0x627c05]
V  [jvm.dll+0x1eb90b]
V  [jvm.dll+0x1ebe45]
V  [jvm.dll+0x1ec87f]
V  [jvm.dll+0x1e1d21]
V  [jvm.dll+0x53fba0]
V  [jvm.dll+0x1f2607]
V  [jvm.dll+0x7b06ab]
V  [jvm.dll+0x7b1a52]
V  [jvm.dll+0x7b1d88]
V  [jvm.dll+0x23f76e]
V  [jvm.dll+0x23f9bf]
V  [jvm.dll+0x55d3f8]
V  [jvm.dll+0x5602a7]
V  [jvm.dll+0x385914]
V  [jvm.dll+0x384f7f]
C  0x00000266ee24a443

Java frames: (J=compiled Java code, j=interpreted, Vv=VM code)
j  sun.awt.SunToolkit.checkAndSetPolicy(Ljava/awt/Container;)V+0 java.desktop@17.0.8
j  java.awt.Window.init(Ljava/awt/GraphicsConfiguration;)V+194 java.desktop@17.0.8
j  java.awt.Window.<init>()V+124 java.desktop@17.0.8
j  java.awt.Frame.<init>(Ljava/lang/String;)V+1 java.desktop@17.0.8
j  javax.swing.JFrame.<init>(Ljava/lang/String;)V+2 java.desktop@17.0.8
j  appGUI.FrameMain.<init>(Ljava/lang/String;)V+2
j  principal.Main.main([Ljava/lang/String;)V+6
v  ~StubRoutines::call_stub

---------------  P R O C E S S  ---------------

Threads class SMR info:
_java_thread_list=0x00000266ff0682b0, length=15, elements={
0x00000266e3636330, 0x00000266fa746800, 0x00000266fa747810, 0x00000266fa72fdc0,
0x00000266fa730690, 0x00000266fa76c010, 0x00000266fa7748f0, 0x00000266fa783cd0,
0x00000266fa7845e0, 0x00000266fa79a9b0, 0x00000266fa799a80, 0x00000266fa797c20,
0x00000266fa799060, 0x00000266fa797710, 0x00000266fa799570
}

Java Threads: ( => current thread )
=>0x00000266e3636330 JavaThread "main" [_thread_in_vm, id=10868, stack(0x000000c48ed00000,0x000000c48ee00000)]
  0x00000266fa746800 JavaThread "Reference Handler" daemon [_thread_blocked, id=17796, stack(0x000000c48f400000,0x000000c48f500000)]
  0x00000266fa747810 JavaThread "Finalizer" daemon [_thread_blocked, id=10288, stack(0x000000c48f500000,0x000000c48f600000)]
  0x00000266fa72fdc0 JavaThread "Signal Dispatcher" daemon [_thread_blocked, id=5500, stack(0x000000c48f600000,0x000000c48f700000)]
  0x00000266fa730690 JavaThread "Attach Listener" daemon [_thread_blocked, id=12604, stack(0x000000c48f700000,0x000000c48f800000)]
  0x00000266fa76c010 JavaThread "Service Thread" daemon [_thread_blocked, id=18036, stack(0x000000c48f800000,0x000000c48f900000)]
  0x00000266fa7748f0 JavaThread "Monitor Deflation Thread" daemon [_thread_blocked, id=19324, stack(0x000000c48f900000,0x000000c48fa00000)]
  0x00000266fa783cd0 JavaThread "C2 CompilerThread0" daemon [_thread_blocked, id=8208, stack(0x000000c48fa00000,0x000000c48fb00000)]
  0x00000266fa7845e0 JavaThread "C1 CompilerThread0" daemon [_thread_blocked, id=3816, stack(0x000000c48fb00000,0x000000c48fc00000)]
  0x00000266fa79a9b0 JavaThread "Sweeper thread" daemon [_thread_blocked, id=3492, stack(0x000000c48fc00000,0x000000c48fd00000)]
  0x00000266fa799a80 JavaThread "Notification Thread" daemon [_thread_blocked, id=14408, stack(0x000000c48fd00000,0x000000c48fe00000)]
  0x00000266fa797c20 JavaThread "Common-Cleaner" daemon [_thread_blocked, id=11600, stack(0x000000c48ff00000,0x000000c490000000)]
  0x00000266fa799060 JavaThread "Java2D Disposer" daemon [_thread_blocked, id=7588, stack(0x000000c490000000,0x000000c490100000)]
  0x00000266fa797710 JavaThread "AWT-Shutdown" [_thread_blocked, id=16684, stack(0x000000c490100000,0x000000c490200000)]
  0x00000266fa799570 JavaThread "AWT-Windows" daemon [_thread_in_native, id=20316, stack(0x000000c490200000,0x000000c490300000)]

Other Threads:
  0x00000266fa7216f0 VMThread "VM Thread" [stack: 0x000000c48f300000,0x000000c48f400000] [id=14352]
  0x00000266e3685f50 WatcherThread [stack: 0x000000c48fe00000,0x000000c48ff00000] [id=18464]
  0x00000266e3672850 GCTaskThread "GC Thread#0" [stack: 0x000000c48ee00000,0x000000c48ef00000] [id=15692]
  0x00000266e367b3f0 ConcurrentGCThread "G1 Main Marker" [stack: 0x000000c48ef00000,0x000000c48f000000] [id=4676]
  0x00000266e367bd10 ConcurrentGCThread "G1 Conc#0" [stack: 0x000000c48f000000,0x000000c48f100000] [id=12616]
  0x00000266e36cf930 ConcurrentGCThread "G1 Refine#0" [stack: 0x000000c48f100000,0x000000c48f200000] [id=17656]
  0x00000266e36d0270 ConcurrentGCThread "G1 Service" [stack: 0x000000c48f200000,0x000000c48f300000] [id=10920]

Threads with active compile tasks:

VM state: not at safepoint (normal execution)

VM Mutex/Monitor currently owned by a thread:  ([mutex/lock_event])
[0x00000266e36314e0] Metaspace_lock - owner thread: 0x00000266e3636330

Heap address: 0x00000000c1600000, size: 1002 MB, Compressed Oops mode: 32-bit

CDS archive(s) not mapped
Compressed class space mapped at: 0x0000000100000000-0x0000000140000000, reserved size: 1073741824
Narrow klass base: 0x0000000000000000, Narrow klass shift: 3, Narrow klass range: 0x140000000

GC Precious Log:
 CPUs: 4 total, 4 available
 Memory: 4007M
 Large Page Support: Disabled
 NUMA Support: Disabled
 Compressed Oops: Enabled (32-bit)
 Heap Region Size: 1M
 Heap Min Capacity: 8M
 Heap Initial Capacity: 64M
 Heap Max Capacity: 1002M
 Pre-touch: Disabled
 Parallel Workers: 4
 Concurrent Workers: 1
 Concurrent Refinement Workers: 4
 Periodic GC: Disabled

Heap:
 garbage-first heap   total 65536K, used 2048K [0x00000000c1600000, 0x0000000100000000)
  region size 1024K, 3 young (3072K), 0 survivors (0K)
 Metaspace       used 8574K, committed 8704K, reserved 1114112K
  class space    used 775K, committed 832K, reserved 1048576K

Heap Regions: E=young(eden), S=young(survivor), O=old, HS=humongous(starts), HC=humongous(continues), CS=collection set, F=free, OA=open archive, CA=closed archive, TAMS=top-at-mark-start (previous, next)
|   0|0x00000000c1600000, 0x00000000c1600000, 0x00000000c1700000|  0%| F|  |TAMS 0x00000000c1600000, 0x00000000c1600000| Untracked 
|   1|0x00000000c1700000, 0x00000000c1700000, 0x00000000c1800000|  0%| F|  |TAMS 0x00000000c1700000, 0x00000000c1700000| Untracked 
|   2|0x00000000c1800000, 0x00000000c1800000, 0x00000000c1900000|  0%| F|  |TAMS 0x00000000c1800000, 0x00000000c1800000| Untracked 
|   3|0x00000000c1900000, 0x00000000c1900000, 0x00000000c1a00000|  0%| F|  |TAMS 0x00000000c1900000, 0x00000000c1900000| Untracked 
|   4|0x00000000c1a00000, 0x00000000c1a00000, 0x00000000c1b00000|  0%| F|  |TAMS 0x00000000c1a00000, 0x00000000c1a00000| Untracked 
|   5|0x00000000c1b00000, 0x00000000c1b00000, 0x00000000c1c00000|  0%| F|  |TAMS 0x00000000c1b00000, 0x00000000c1b00000| Untracked 
|   6|0x00000000c1c00000, 0x00000000c1c00000, 0x00000000c1d00000|  0%| F|  |TAMS 0x00000000c1c00000, 0x00000000c1c00000| Untracked 
|   7|0x00000000c1d00000, 0x00000000c1d00000, 0x00000000c1e00000|  0%| F|  |TAMS 0x00000000c1d00000, 0x00000000c1d00000| Untracked 
|   8|0x00000000c1e00000, 0x00000000c1e00000, 0x00000000c1f00000|  0%| F|  |TAMS 0x00000000c1e00000, 0x00000000c1e00000| Untracked 
|   9|0x00000000c1f00000, 0x00000000c1f00000, 0x00000000c2000000|  0%| F|  |TAMS 0x00000000c1f00000, 0x00000000c1f00000| Untracked 
|  10|0x00000000c2000000, 0x00000000c2000000, 0x00000000c2100000|  0%| F|  |TAMS 0x00000000c2000000, 0x00000000c2000000| Untracked 
|  11|0x00000000c2100000, 0x00000000c2100000, 0x00000000c2200000|  0%| F|  |TAMS 0x00000000c2100000, 0x00000000c2100000| Untracked 
|  12|0x00000000c2200000, 0x00000000c2200000, 0x00000000c2300000|  0%| F|  |TAMS 0x00000000c2200000, 0x00000000c2200000| Untracked 
|  13|0x00000000c2300000, 0x00000000c2300000, 0x00000000c2400000|  0%| F|  |TAMS 0x00000000c2300000, 0x00000000c2300000| Untracked 
|  14|0x00000000c2400000, 0x00000000c2400000, 0x00000000c2500000|  0%| F|  |TAMS 0x00000000c2400000, 0x00000000c2400000| Untracked 
|  15|0x00000000c2500000, 0x00000000c2500000, 0x00000000c2600000|  0%| F|  |TAMS 0x00000000c2500000, 0x00000000c2500000| Untracked 
|  16|0x00000000c2600000, 0x00000000c2600000, 0x00000000c2700000|  0%| F|  |TAMS 0x00000000c2600000, 0x00000000c2600000| Untracked 
|  17|0x00000000c2700000, 0x00000000c2700000, 0x00000000c2800000|  0%| F|  |TAMS 0x00000000c2700000, 0x00000000c2700000| Untracked 
|  18|0x00000000c2800000, 0x00000000c2800000, 0x00000000c2900000|  0%| F|  |TAMS 0x00000000c2800000, 0x00000000c2800000| Untracked 
|  19|0x00000000c2900000, 0x00000000c2900000, 0x00000000c2a00000|  0%| F|  |TAMS 0x00000000c2900000, 0x00000000c2900000| Untracked 
|  20|0x00000000c2a00000, 0x00000000c2a00000, 0x00000000c2b00000|  0%| F|  |TAMS 0x00000000c2a00000, 0x00000000c2a00000| Untracked 
|  21|0x00000000c2b00000, 0x00000000c2b00000, 0x00000000c2c00000|  0%| F|  |TAMS 0x00000000c2b00000, 0x00000000c2b00000| Untracked 
|  22|0x00000000c2c00000, 0x00000000c2c00000, 0x00000000c2d00000|  0%| F|  |TAMS 0x00000000c2c00000, 0x00000000c2c00000| Untracked 
|  23|0x00000000c2d00000, 0x00000000c2d00000, 0x00000000c2e00000|  0%| F|  |TAMS 0x00000000c2d00000, 0x00000000c2d00000| Untracked 
|  24|0x00000000c2e00000, 0x00000000c2e00000, 0x00000000c2f00000|  0%| F|  |TAMS 0x00000000c2e00000, 0x00000000c2e00000| Untracked 
|  25|0x00000000c2f00000, 0x00000000c2f00000, 0x00000000c3000000|  0%| F|  |TAMS 0x00000000c2f00000, 0x00000000c2f00000| Untracked 
|  26|0x00000000c3000000, 0x00000000c3000000, 0x00000000c3100000|  0%| F|  |TAMS 0x00000000c3000000, 0x00000000c3000000| Untracked 
|  27|0x00000000c3100000, 0x00000000c3100000, 0x00000000c3200000|  0%| F|  |TAMS 0x00000000c3100000, 0x00000000c3100000| Untracked 
|  28|0x00000000c3200000, 0x00000000c3200000, 0x00000000c3300000|  0%| F|  |TAMS 0x00000000c3200000, 0x00000000c3200000| Untracked 
|  29|0x00000000c3300000, 0x00000000c3300000, 0x00000000c3400000|  0%| F|  |TAMS 0x00000000c3300000, 0x00000000c3300000| Untracked 
|  30|0x00000000c3400000, 0x00000000c3400000, 0x00000000c3500000|  0%| F|  |TAMS 0x00000000c3400000, 0x00000000c3400000| Untracked 
|  31|0x00000000c3500000, 0x00000000c3500000, 0x00000000c3600000|  0%| F|  |TAMS 0x00000000c3500000, 0x00000000c3500000| Untracked 
|  32|0x00000000c3600000, 0x00000000c3600000, 0x00000000c3700000|  0%| F|  |TAMS 0x00000000c3600000, 0x00000000c3600000| Untracked 
|  33|0x00000000c3700000, 0x00000000c3700000, 0x00000000c3800000|  0%| F|  |TAMS 0x00000000c3700000, 0x00000000c3700000| Untracked 
|  34|0x00000000c3800000, 0x00000000c3800000, 0x00000000c3900000|  0%| F|  |TAMS 0x00000000c3800000, 0x00000000c3800000| Untracked 
|  35|0x00000000c3900000, 0x00000000c3900000, 0x00000000c3a00000|  0%| F|  |TAMS 0x00000000c3900000, 0x00000000c3900000| Untracked 
|  36|0x00000000c3a00000, 0x00000000c3a00000, 0x00000000c3b00000|  0%| F|  |TAMS 0x00000000c3a00000, 0x00000000c3a00000| Untracked 
|  37|0x00000000c3b00000, 0x00000000c3b00000, 0x00000000c3c00000|  0%| F|  |TAMS 0x00000000c3b00000, 0x00000000c3b00000| Untracked 
|  38|0x00000000c3c00000, 0x00000000c3c00000, 0x00000000c3d00000|  0%| F|  |TAMS 0x00000000c3c00000, 0x00000000c3c00000| Untracked 
|  39|0x00000000c3d00000, 0x00000000c3d00000, 0x00000000c3e00000|  0%| F|  |TAMS 0x00000000c3d00000, 0x00000000c3d00000| Untracked 
|  40|0x00000000c3e00000, 0x00000000c3e00000, 0x00000000c3f00000|  0%| F|  |TAMS 0x00000000c3e00000, 0x00000000c3e00000| Untracked 
|  41|0x00000000c3f00000, 0x00000000c3f00000, 0x00000000c4000000|  0%| F|  |TAMS 0x00000000c3f00000, 0x00000000c3f00000| Untracked 
|  42|0x00000000c4000000, 0x00000000c4000000, 0x00000000c4100000|  0%| F|  |TAMS 0x00000000c4000000, 0x00000000c4000000| Untracked 
|  43|0x00000000c4100000, 0x00000000c4100000, 0x00000000c4200000|  0%| F|  |TAMS 0x00000000c4100000, 0x00000000c4100000| Untracked 
|  44|0x00000000c4200000, 0x00000000c4200000, 0x00000000c4300000|  0%| F|  |TAMS 0x00000000c4200000, 0x00000000c4200000| Untracked 
|  45|0x00000000c4300000, 0x00000000c4300000, 0x00000000c4400000|  0%| F|  |TAMS 0x00000000c4300000, 0x00000000c4300000| Untracked 
|  46|0x00000000c4400000, 0x00000000c4400000, 0x00000000c4500000|  0%| F|  |TAMS 0x00000000c4400000, 0x00000000c4400000| Untracked 
|  47|0x00000000c4500000, 0x00000000c4500000, 0x00000000c4600000|  0%| F|  |TAMS 0x00000000c4500000, 0x00000000c4500000| Untracked 
|  48|0x00000000c4600000, 0x00000000c4600000, 0x00000000c4700000|  0%| F|  |TAMS 0x00000000c4600000, 0x00000000c4600000| Untracked 
|  49|0x00000000c4700000, 0x00000000c4700000, 0x00000000c4800000|  0%| F|  |TAMS 0x00000000c4700000, 0x00000000c4700000| Untracked 
|  50|0x00000000c4800000, 0x00000000c4800000, 0x00000000c4900000|  0%| F|  |TAMS 0x00000000c4800000, 0x00000000c4800000| Untracked 
|  51|0x00000000c4900000, 0x00000000c4900000, 0x00000000c4a00000|  0%| F|  |TAMS 0x00000000c4900000, 0x00000000c4900000| Untracked 
|  52|0x00000000c4a00000, 0x00000000c4a00000, 0x00000000c4b00000|  0%| F|  |TAMS 0x00000000c4a00000, 0x00000000c4a00000| Untracked 
|  53|0x00000000c4b00000, 0x00000000c4b00000, 0x00000000c4c00000|  0%| F|  |TAMS 0x00000000c4b00000, 0x00000000c4b00000| Untracked 
|  54|0x00000000c4c00000, 0x00000000c4c00000, 0x00000000c4d00000|  0%| F|  |TAMS 0x00000000c4c00000, 0x00000000c4c00000| Untracked 
|  55|0x00000000c4d00000, 0x00000000c4d00000, 0x00000000c4e00000|  0%| F|  |TAMS 0x00000000c4d00000, 0x00000000c4d00000| Untracked 
|  56|0x00000000c4e00000, 0x00000000c4e00000, 0x00000000c4f00000|  0%| F|  |TAMS 0x00000000c4e00000, 0x00000000c4e00000| Untracked 
|  57|0x00000000c4f00000, 0x00000000c4f00000, 0x00000000c5000000|  0%| F|  |TAMS 0x00000000c4f00000, 0x00000000c4f00000| Untracked 
|  58|0x00000000c5000000, 0x00000000c5000000, 0x00000000c5100000|  0%| F|  |TAMS 0x00000000c5000000, 0x00000000c5000000| Untracked 
|  59|0x00000000c5100000, 0x00000000c5100000, 0x00000000c5200000|  0%| F|  |TAMS 0x00000000c5100000, 0x00000000c5100000| Untracked 
|  60|0x00000000c5200000, 0x00000000c5200000, 0x00000000c5300000|  0%| F|  |TAMS 0x00000000c5200000, 0x00000000c5200000| Untracked 
|  61|0x00000000c5300000, 0x00000000c5385a18, 0x00000000c5400000| 52%| E|  |TAMS 0x00000000c5300000, 0x00000000c5300000| Complete 
|  62|0x00000000c5400000, 0x00000000c5500000, 0x00000000c5500000|100%| E|CS|TAMS 0x00000000c5400000, 0x00000000c5400000| Complete 
|  63|0x00000000c5500000, 0x00000000c5600000, 0x00000000c5600000|100%| E|CS|TAMS 0x00000000c5500000, 0x00000000c5500000| Complete 

Card table byte_map: [0x00000266f5f00000,0x00000266f6100000] _byte_map_base: 0x00000266f58f5000

Marking Bits (Prev, Next): (CMBitMap*) 0x00000266e3672d80, (CMBitMap*) 0x00000266e3672dc0
 Prev Bits: [0x00000266f6300000, 0x00000266f72a8000)
 Next Bits: [0x00000266f72b0000, 0x00000266f8258000)

Polling page: 0x00000266e15a0000

Metaspace:

Usage:
  Non-class:      7.62 MB used.
      Class:    775.23 KB used.
       Both:      8.37 MB used.

Virtual space:
  Non-class space:       64.00 MB reserved,       7.69 MB ( 12%) committed,  1 nodes.
      Class space:        1.00 GB reserved,     832.00 KB ( <1%) committed,  1 nodes.
             Both:        1.06 GB reserved,       8.50 MB ( <1%) committed. 

Chunk freelists:
   Non-Class:  8.24 MB
       Class:  15.22 MB
        Both:  23.47 MB

MaxMetaspaceSize: unlimited
CompressedClassSpaceSize: 1.00 GB
Initial GC threshold: 21.00 MB
Current GC threshold: 21.00 MB
CDS: off
MetaspaceReclaimPolicy: balanced
 - commit_granule_bytes: 65536.
 - commit_granule_words: 8192.
 - virtual_space_node_default_size: 8388608.
 - enlarge_chunks_in_place: 1.
 - new_chunks_are_fully_committed: 0.
 - uncommit_free_chunks: 1.
 - use_allocation_guard: 0.
 - handle_deallocations: 1.


Internal statistics:

num_allocs_failed_limit: 0.
num_arena_births: 58.
num_arena_deaths: 0.
num_vsnodes_births: 2.
num_vsnodes_deaths: 0.
num_space_committed: 136.
num_space_uncommitted: 0.
num_chunks_returned_to_freelist: 0.
num_chunks_taken_from_freelist: 86.
num_chunk_merges: 0.
num_chunk_splits: 48.
num_chunks_enlarged: 20.
num_inconsistent_stats: 0.

CodeHeap 'non-profiled nmethods': size=120000Kb used=92Kb max_used=92Kb free=119907Kb
 bounds [0x00000266ee7d0000, 0x00000266eea40000, 0x00000266f5d00000]
CodeHeap 'profiled nmethods': size=120000Kb used=359Kb max_used=359Kb free=119641Kb
 bounds [0x00000266e6d00000, 0x00000266e6f70000, 0x00000266ee230000]
CodeHeap 'non-nmethods': size=5760Kb used=1151Kb max_used=1151Kb free=4608Kb
 bounds [0x00000266ee230000, 0x00000266ee4a0000, 0x00000266ee7d0000]
 total_blobs=721 nmethods=280 adapters=354
 compilation: enabled
              stopped_count=0, restarted_count=0
 full_count=0

Compilation events (20 events):
Event: 0.211 Thread 0x00000266fa7845e0  269       3       java.util.Arrays::copyOf (19 bytes)
Event: 0.211 Thread 0x00000266fa7845e0 nmethod 269 0x00000266e6d55d90 code [0x00000266e6d55f40, 0x00000266e6d56228]
Event: 0.212 Thread 0x00000266fa7845e0  270       1       java.lang.invoke.MethodTypeForm::basicType (5 bytes)
Event: 0.212 Thread 0x00000266fa7845e0 nmethod 270 0x00000266ee7e6790 code [0x00000266ee7e6920, 0x00000266ee7e69f8]
Event: 0.212 Thread 0x00000266fa7845e0  271       3       jdk.internal.misc.Unsafe::allocateUninitializedArray0 (90 bytes)
Event: 0.212 Thread 0x00000266fa7845e0 nmethod 271 0x00000266e6d56390 code [0x00000266e6d565a0, 0x00000266e6d56ed8]
Event: 0.212 Thread 0x00000266fa7845e0  272       3       java.lang.AbstractStringBuilder::newCapacity (59 bytes)
Event: 0.212 Thread 0x00000266fa7845e0 nmethod 272 0x00000266e6d57010 code [0x00000266e6d571e0, 0x00000266e6d575d8]
Event: 0.213 Thread 0x00000266fa7845e0  273       3       jdk.internal.org.objectweb.asm.ByteVector::put122 (93 bytes)
Event: 0.213 Thread 0x00000266fa7845e0 nmethod 273 0x00000266e6d57790 code [0x00000266e6d57940, 0x00000266e6d57bc8]
Event: 0.213 Thread 0x00000266fa7845e0  274       3       java.lang.Class::getPackageName (81 bytes)
Event: 0.213 Thread 0x00000266fa7845e0 nmethod 274 0x00000266e6d57d90 code [0x00000266e6d58020, 0x00000266e6d58ac8]
Event: 0.213 Thread 0x00000266fa7845e0  275       3       jdk.internal.org.objectweb.asm.Handler::getExceptionTableLength (21 bytes)
Event: 0.213 Thread 0x00000266fa7845e0 nmethod 275 0x00000266e6d58e90 code [0x00000266e6d59020, 0x00000266e6d591b8]
Event: 0.220 Thread 0x00000266fa7845e0  276       1       jdk.internal.org.objectweb.asm.SymbolTable::getMajorVersion (5 bytes)
Event: 0.220 Thread 0x00000266fa7845e0 nmethod 276 0x00000266ee7e6a90 code [0x00000266ee7e6c20, 0x00000266ee7e6cf8]
Event: 0.221 Thread 0x00000266fa7845e0  278       3       java.lang.invoke.LambdaForm::uncustomize (57 bytes)
Event: 0.221 Thread 0x00000266fa7845e0 nmethod 278 0x00000266e6d59290 code [0x00000266e6d59440, 0x00000266e6d59748]
Event: 0.222 Thread 0x00000266fa7845e0  280       3       java.lang.invoke.MemberName::isResolved (13 bytes)
Event: 0.222 Thread 0x00000266fa7845e0 nmethod 280 0x00000266e6d59890 code [0x00000266e6d59a20, 0x00000266e6d59b98]

GC Heap History (0 events):
No events

Dll operation events (3 events):
Event: 0.008 Loaded shared library C:\Users\HomeWork\.p2\pool\plugins\org.eclipse.justj.openjdk.hotspot.jre.full.win32.x86_64_17.0.8.v20230801-1951\jre\bin\java.dll
Event: 0.111 Loaded shared library C:\Users\HomeWork\.p2\pool\plugins\org.eclipse.justj.openjdk.hotspot.jre.full.win32.x86_64_17.0.8.v20230801-1951\jre\bin\jimage.dll
Event: 0.142 Loaded shared library C:\Users\HomeWork\.p2\pool\plugins\org.eclipse.justj.openjdk.hotspot.jre.full.win32.x86_64_17.0.8.v20230801-1951\jre\bin\awt.dll

Deoptimization events (0 events):
No events

Classes unloaded (0 events):
No events

Classes redefined (0 events):
No events

Internal exceptions (4 events):
Event: 0.132 Thread 0x00000266e3636330 Exception <a 'java/lang/ClassNotFoundException'{0x00000000c5435458}: sun/awt/resources/spi/awtProvider> (0x00000000c5435458) 
thrown [s\src\hotspot\share\classfile\systemDictionary.cpp, line 256]
Event: 0.158 Thread 0x00000266e3636330 Exception <a 'java/io/FileNotFoundException'{0x00000000c548f770}> (0x00000000c548f770) 
thrown [s\src\hotspot\share\prims\jni.cpp, line 516]
Event: 0.164 Thread 0x00000266e3636330 Exception <a 'java/io/FileNotFoundException'{0x00000000c54bc748}> (0x00000000c54bc748) 
thrown [s\src\hotspot\share\prims\jni.cpp, line 516]
Event: 0.210 Thread 0x00000266e3636330 Exception <a 'java/lang/NoSuchMethodError'{0x00000000c530e720}: 'java.lang.Object java.lang.invoke.DirectMethodHandle$Holder.invokeStaticInit(java.lang.Object)'> (0x00000000c530e720) 
thrown [s\src\hotspot\share\interpreter\linkResolver.cpp, line 759]

VM Operations (0 events):
No events

Events (20 events):
Event: 0.223 loading class java/awt/LayoutManager2
Event: 0.223 loading class java/awt/LayoutManager2 done
Event: 0.223 loading class java/awt/BorderLayout done
Event: 0.223 loading class java/awt/Rectangle
Event: 0.223 loading class java/awt/Shape
Event: 0.223 loading class java/awt/Shape done
Event: 0.223 loading class java/awt/geom/Rectangle2D
Event: 0.223 loading class java/awt/geom/RectangularShape
Event: 0.223 loading class java/awt/geom/RectangularShape done
Event: 0.223 loading class java/awt/geom/Rectangle2D done
Event: 0.223 loading class java/awt/Rectangle done
Event: 0.224 loading class java/awt/Dialog$ModalExclusionType
Event: 0.224 loading class java/awt/Dialog$ModalExclusionType done
Event: 0.224 loading class java/awt/Window$WindowDisposerRecord
Event: 0.224 loading class java/awt/Window$WindowDisposerRecord done
Event: 0.224 loading class java/awt/KeyboardFocusManager
Event: 0.224 loading class java/awt/KeyEventDispatcher
Event: 0.224 loading class java/awt/KeyEventDispatcher done
Event: 0.224 loading class java/awt/KeyEventPostProcessor
Event: 0.224 loading class java/awt/KeyEventPostProcessor done


Dynamic libraries:
0x00007ff79fed0000 - 0x00007ff79fede000 	C:\Users\HomeWork\.p2\pool\plugins\org.eclipse.justj.openjdk.hotspot.jre.full.win32.x86_64_17.0.8.v20230801-1951\jre\bin\javaw.exe
0x00007ffcf46b0000 - 0x00007ffcf48a7000 	C:\Windows\SYSTEM32\ntdll.dll
0x00007ffcf34d0000 - 0x00007ffcf358d000 	C:\Windows\System32\KERNEL32.DLL
0x00007ffcf22f0000 - 0x00007ffcf25e6000 	C:\Windows\System32\KERNELBASE.dll
0x00007ffcf1d90000 - 0x00007ffcf1e90000 	C:\Windows\System32\ucrtbase.dll
0x00007ffce9e50000 - 0x00007ffce9e69000 	C:\Users\HomeWork\.p2\pool\plugins\org.eclipse.justj.openjdk.hotspot.jre.full.win32.x86_64_17.0.8.v20230801-1951\jre\bin\VCRUNTIME140.dll
0x00007ffcecab0000 - 0x00007ffcecac7000 	C:\Users\HomeWork\.p2\pool\plugins\org.eclipse.justj.openjdk.hotspot.jre.full.win32.x86_64_17.0.8.v20230801-1951\jre\bin\jli.dll
0x00007ffcf4220000 - 0x00007ffcf43be000 	C:\Windows\System32\USER32.dll
0x00007ffce3e20000 - 0x00007ffce40ba000 	C:\Windows\WinSxS\amd64_microsoft.windows.common-controls_6595b64144ccf1df_6.0.19041.3570_none_60bb2a3971f3e41a\COMCTL32.dll
0x00007ffcf2020000 - 0x00007ffcf2042000 	C:\Windows\System32\win32u.dll
0x00007ffcf30b0000 - 0x00007ffcf314e000 	C:\Windows\System32\msvcrt.dll
0x00007ffcf4030000 - 0x00007ffcf405c000 	C:\Windows\System32\GDI32.dll
0x00007ffcf25f0000 - 0x00007ffcf270a000 	C:\Windows\System32\gdi32full.dll
0x00007ffcf2250000 - 0x00007ffcf22ed000 	C:\Windows\System32\msvcp_win.dll
0x00007ffcf2f00000 - 0x00007ffcf2f30000 	C:\Windows\System32\IMM32.DLL
0x00007ffced8b0000 - 0x00007ffced8bc000 	C:\Users\HomeWork\.p2\pool\plugins\org.eclipse.justj.openjdk.hotspot.jre.full.win32.x86_64_17.0.8.v20230801-1951\jre\bin\vcruntime140_1.dll
0x00007ffce7a90000 - 0x00007ffce7b21000 	C:\Users\HomeWork\.p2\pool\plugins\org.eclipse.justj.openjdk.hotspot.jre.full.win32.x86_64_17.0.8.v20230801-1951\jre\bin\msvcp140.dll
0x00007ffc93cc0000 - 0x00007ffc9490c000 	C:\Users\HomeWork\.p2\pool\plugins\org.eclipse.justj.openjdk.hotspot.jre.full.win32.x86_64_17.0.8.v20230801-1951\jre\bin\server\jvm.dll
0x00007ffcf4170000 - 0x00007ffcf421e000 	C:\Windows\System32\ADVAPI32.dll
0x00007ffcf2e60000 - 0x00007ffcf2efc000 	C:\Windows\System32\sechost.dll
0x00007ffcf4540000 - 0x00007ffcf4666000 	C:\Windows\System32\RPCRT4.dll
0x00007ffcf1b40000 - 0x00007ffcf1b8b000 	C:\Windows\SYSTEM32\POWRPROF.dll
0x00007ffced5c0000 - 0x00007ffced5c9000 	C:\Windows\SYSTEM32\WSOCK32.dll
0x00007ffcf3c60000 - 0x00007ffcf3ccb000 	C:\Windows\System32\WS2_32.dll
0x00007ffce5f10000 - 0x00007ffce5f37000 	C:\Windows\SYSTEM32\WINMM.dll
0x00007ffce3e10000 - 0x00007ffce3e1a000 	C:\Windows\SYSTEM32\VERSION.dll
0x00007ffcf1b20000 - 0x00007ffcf1b32000 	C:\Windows\SYSTEM32\UMPDC.dll
0x00007ffcefb70000 - 0x00007ffcefb82000 	C:\Windows\SYSTEM32\kernel.appcore.dll
0x00007ffce1f20000 - 0x00007ffce1f2a000 	C:\Users\HomeWork\.p2\pool\plugins\org.eclipse.justj.openjdk.hotspot.jre.full.win32.x86_64_17.0.8.v20230801-1951\jre\bin\jimage.dll
0x00007ffce1ba0000 - 0x00007ffce1d84000 	C:\Windows\SYSTEM32\DBGHELP.DLL
0x00007ffce1e30000 - 0x00007ffce1e64000 	C:\Windows\SYSTEM32\dbgcore.DLL
0x00007ffcf2050000 - 0x00007ffcf20d2000 	C:\Windows\System32\bcryptPrimitives.dll
0x00007ffc95dd0000 - 0x00007ffc95df5000 	C:\Users\HomeWork\.p2\pool\plugins\org.eclipse.justj.openjdk.hotspot.jre.full.win32.x86_64_17.0.8.v20230801-1951\jre\bin\java.dll
0x00007ffcb89c0000 - 0x00007ffcb89d8000 	C:\Users\HomeWork\.p2\pool\plugins\org.eclipse.justj.openjdk.hotspot.jre.full.win32.x86_64_17.0.8.v20230801-1951\jre\bin\zip.dll
0x00007ffcf2710000 - 0x00007ffcf2e54000 	C:\Windows\System32\SHELL32.dll
0x00007ffcefe50000 - 0x00007ffcf05eb000 	C:\Windows\SYSTEM32\windows.storage.dll
0x00007ffcf3cd0000 - 0x00007ffcf4024000 	C:\Windows\System32\combase.dll
0x00007ffcf1700000 - 0x00007ffcf172d000 	C:\Windows\SYSTEM32\Wldp.dll
0x00007ffcf3590000 - 0x00007ffcf363d000 	C:\Windows\System32\SHCORE.dll
0x00007ffcf4060000 - 0x00007ffcf40b5000 	C:\Windows\System32\shlwapi.dll
0x00007ffcf1cc0000 - 0x00007ffcf1ce5000 	C:\Windows\SYSTEM32\profapi.dll
0x00007ffce7900000 - 0x00007ffce7a8e000 	C:\Users\HomeWork\.p2\pool\plugins\org.eclipse.justj.openjdk.hotspot.jre.full.win32.x86_64_17.0.8.v20230801-1951\jre\bin\awt.dll
0x00007ffcf43c0000 - 0x00007ffcf448d000 	C:\Windows\System32\OLEAUT32.dll
0x00007ffcef680000 - 0x00007ffcef710000 	C:\Windows\SYSTEM32\apphelp.dll
0x00007ffcefb40000 - 0x00007ffcefb6f000 	C:\Windows\system32\DWMAPI.DLL
0x00007ffcef780000 - 0x00007ffcef81e000 	C:\Windows\system32\uxtheme.dll
0x00007ffcd2ea0000 - 0x00007ffcd2fc5000 	C:\Windows\system32\opengl32.dll
0x00007ffcde470000 - 0x00007ffcde49c000 	C:\Windows\SYSTEM32\GLU32.dll
0x00007ffcf2f90000 - 0x00007ffcf30a4000 	C:\Windows\System32\MSCTF.dll
0x00007ffcf3250000 - 0x00007ffcf337b000 	C:\Windows\System32\ole32.dll

dbghelp: loaded successfully - version: 4.0.5 - missing functions: none
symbol engine: initialized successfully - sym options: 0x614 - pdb path: .;C:\Users\HomeWork\.p2\pool\plugins\org.eclipse.justj.openjdk.hotspot.jre.full.win32.x86_64_17.0.8.v20230801-1951\jre\bin;C:\Windows\SYSTEM32;C:\Windows\WinSxS\amd64_microsoft.windows.common-controls_6595b64144ccf1df_6.0.19041.3570_none_60bb2a3971f3e41a;C:\Users\HomeWork\.p2\pool\plugins\org.eclipse.justj.openjdk.hotspot.jre.full.win32.x86_64_17.0.8.v20230801-1951\jre\bin\server

VM Arguments:
jvm_args: -Dfile.encoding=UTF-8 -XX:+ShowCodeDetailsInExceptionMessages 
java_command: principal.Main
java_class_path (initial): C:\Users\HomeWork\OneDrive\tareas de asbel\JAVA\Proyecto-JAVA\bin
Launcher Type: SUN_STANDARD

[Global flags]
     intx CICompilerCount                          = 3                                         {product} {ergonomic}
     uint ConcGCThreads                            = 1                                         {product} {ergonomic}
     uint G1ConcRefinementThreads                  = 4                                         {product} {ergonomic}
   size_t G1HeapRegionSize                         = 1048576                                   {product} {ergonomic}
    uintx GCDrainStackTargetSize                   = 64                                        {product} {ergonomic}
   size_t InitialHeapSize                          = 67108864                                  {product} {ergonomic}
   size_t MarkStackSize                            = 4194304                                   {product} {ergonomic}
   size_t MaxHeapSize                              = 1050673152                                {product} {ergonomic}
   size_t MaxNewSize                               = 630194176                                 {product} {ergonomic}
   size_t MinHeapDeltaBytes                        = 1048576                                   {product} {ergonomic}
   size_t MinHeapSize                              = 8388608                                   {product} {ergonomic}
    uintx NonNMethodCodeHeapSize                   = 5832780                                {pd product} {ergonomic}
    uintx NonProfiledCodeHeapSize                  = 122912730                              {pd product} {ergonomic}
    uintx ProfiledCodeHeapSize                     = 122912730                              {pd product} {ergonomic}
    uintx ReservedCodeCacheSize                    = 251658240                              {pd product} {ergonomic}
     bool SegmentedCodeCache                       = true                                      {product} {ergonomic}
     bool ShowCodeDetailsInExceptionMessages       = true                                   {manageable} {command line}
   size_t SoftMaxHeapSize                          = 1050673152                             {manageable} {ergonomic}
     bool UseCompressedClassPointers               = true                           {product lp64_product} {ergonomic}
     bool UseCompressedOops                        = true                           {product lp64_product} {ergonomic}
     bool UseG1GC                                  = true                                      {product} {ergonomic}
     bool UseLargePagesIndividualAllocation        = false                                  {pd product} {ergonomic}

Logging:
Log output configuration:
 #0: stdout all=warning uptime,level,tags
 #1: stderr all=off uptime,level,tags

Environment Variables:
PATH=C:/Users/HomeWork/.p2/pool/plugins/org.eclipse.justj.openjdk.hotspot.jre.full.win32.x86_64_17.0.8.v20230801-1951/jre/bin/server;C:/Users/HomeWork/.p2/pool/plugins/org.eclipse.justj.openjdk.hotspot.jre.full.win32.x86_64_17.0.8.v20230801-1951/jre/bin;C:\Program Files\Common Files\Oracle\Java\javapath;C:\Windows\system32;C:\Windows;C:\Windows\System32\Wbem;C:\Windows\System32\WindowsPowerShell\v1.0\;C:\Windows\System32\OpenSSH\;C:\Program Files\Git\cmd;C:\Users\HomeWork\AppData\Local\Programs\Python\Python311\Scripts\;C:\Users\HomeWork\AppData\Local\Programs\Python\Python311\;C:\Users\HomeWork\AppData\Local\Microsoft\WindowsApps;;C:\Users\HomeWork\AppData\Local\Programs\Microsoft VS Code\bin;C:\Users\HomeWork\Desktop;
USERNAME=HomeWork
OS=Windows_NT
PROCESSOR_IDENTIFIER=Intel64 Family 6 Model 60 Stepping 3, GenuineIntel
TMP=C:\Users\HomeWork\AppData\Local\Temp
TEMP=C:\Users\HomeWork\AppData\Local\Temp



---------------  S Y S T E M  ---------------

OS:
 Windows 10 , 64 bit Build 19041 (10.0.19041.3570)
OS uptime: 2 days 19:07 hours

CPU: total 4 (initial active 4) (4 cores per cpu, 1 threads per core) family 6 model 60 stepping 3 microcode 0x27, cx8, cmov, fxsr, mmx, sse, sse2, sse3, ssse3, sse4.1, sse4.2, popcnt, lzcnt, tsc, tscinvbit, avx, avx2, aes, erms, clmul, bmi1, bmi2, fma, vzeroupper, clflush
Processor Information for all 4 processors :
  Max Mhz: 3101, Current Mhz: 3101, Mhz Limit: 3101

Memory: 4k page, system-wide physical 4007M (326M free)
TotalPageFile size 16295M (AvailPageFile size 3M)
current process WorkingSet (physical memory assigned to process): 41M, peak: 41M
current process commit charge ("private bytes"): 135M, peak: 135M

vm_info: OpenJDK 64-Bit Server VM (17.0.8+7) for windows-amd64 JRE (17.0.8+7), built on Jul 18 2023 21:02:32 by "admin" with MS VC++ 16.7 (VS2019)

END.
