#
# There is insufficient memory for the Java Runtime Environment to continue.
# Native memory allocation (mmap) failed to map 65536 bytes for Failed to commit metaspace.
# Possible reasons:
#   The system is out of physical RAM or swap space
#   The process is running with CompressedOops enabled, and the Java Heap may be blocking the growth of the native heap
# Possible solutions:
#   Reduce memory load on the system
#   Increase physical memory or swap space
#   Check if swap backing store is full
#   Decrease Java heap size (-Xmx/-Xms)
#   Decrease number of Java threads
#   Decrease Java thread stack sizes (-Xss)
#   Set larger code cache with -XX:ReservedCodeCacheSize=
#   JVM is running with Unscaled Compressed Oops mode in which the Java heap is
#     placed in the first 4GB address space. The Java Heap base address is the
#     maximum limit for the native heap growth. Please use -XX:HeapBaseMinAddress
#     to set the Java Heap base and to place the Java Heap above 4GB virtual address.
# This output file may be truncated or incomplete.
#
#  Out of Memory Error (virtualSpaceNode.cpp:110), pid=15084, tid=16568
#
# JRE version: OpenJDK Runtime Environment Temurin-17.0.8+7 (17.0.8+7) (build 17.0.8+7)
# Java VM: OpenJDK 64-Bit Server VM Temurin-17.0.8+7 (17.0.8+7, mixed mode, tiered, compressed oops, compressed class ptrs, g1 gc, windows-amd64)
# No core dump will be written. Minidumps are not enabled by default on client versions of Windows
#

---------------  S U M M A R Y ------------

Command Line: -Dfile.encoding=UTF-8 -XX:+ShowCodeDetailsInExceptionMessages principal.Main

Host: Intel(R) Core(TM) i5-4670S CPU @ 3.10GHz, 4 cores, 3G,  Windows 10 , 64 bit Build 19041 (10.0.19041.3570)
Time: Wed Nov  8 18:24:00 2023 Hora est. Pacífico, Sudamérica elapsed time: 0.369319 seconds (0d 0h 0m 0s)

---------------  T H R E A D  ---------------

Current thread (0x00000239c9a674b0):  JavaThread "main" [_thread_in_vm, id=16568, stack(0x00000095bed00000,0x00000095bee00000)]

Stack: [0x00000095bed00000,0x00000095bee00000]
Native frames: (J=compiled Java code, j=interpreted, Vv=VM code, C=native code)
V  [jvm.dll+0x678b0a]
V  [jvm.dll+0x835e84]
V  [jvm.dll+0x83762e]
V  [jvm.dll+0x837c93]
V  [jvm.dll+0x24746f]
V  [jvm.dll+0x831f1b]
V  [jvm.dll+0x61d3c6]
V  [jvm.dll+0x1c1aae]
V  [jvm.dll+0x61fd21]
V  [jvm.dll+0x61dd66]
V  [jvm.dll+0x627c47]
V  [jvm.dll+0x1eb90b]
V  [jvm.dll+0x1ebe45]
V  [jvm.dll+0x1ec87f]
V  [jvm.dll+0x1e1d21]
V  [jvm.dll+0x53fba0]
V  [jvm.dll+0x1f2607]
V  [jvm.dll+0x7b06ab]
V  [jvm.dll+0x7b1a52]
V  [jvm.dll+0x7b1d88]
V  [jvm.dll+0x23f76e]
V  [jvm.dll+0x3818fe]
C  0x00000239d467b5a5

Java frames: (J=compiled Java code, j=interpreted, Vv=VM code)
j  sun.font.FontManagerFactory.getInstance()Lsun/font/FontManager;+10 java.desktop@17.0.8
j  sun.font.SunFontManager.getInstance()Lsun/font/SunFontManager;+0 java.desktop@17.0.8
j  sun.awt.PlatformFont.<init>(Ljava/lang/String;I)V+4 java.desktop@17.0.8
j  sun.awt.windows.WFontPeer.<init>(Ljava/lang/String;I)V+3 java.desktop@17.0.8
j  sun.awt.windows.WToolkit.getFontPeer(Ljava/lang/String;I)Ljava/awt/peer/FontPeer;+48 java.desktop@17.0.8
j  java.awt.Font.getFontPeer()Ljava/awt/peer/FontPeer;+31 java.desktop@17.0.8
v  ~StubRoutines::call_stub
j  sun.awt.windows.WComponentPeer._setFont(Ljava/awt/Font;)V+0 java.desktop@17.0.8
j  sun.awt.windows.WComponentPeer.setFont(Ljava/awt/Font;)V+7 java.desktop@17.0.8
j  sun.awt.windows.WWindowPeer.initialize()V+42 java.desktop@17.0.8
j  sun.awt.windows.WFramePeer.initialize()V+1 java.desktop@17.0.8
j  sun.awt.windows.WComponentPeer.<init>(Ljava/awt/Component;)V+83 java.desktop@17.0.8
j  sun.awt.windows.WCanvasPeer.<init>(Ljava/awt/Component;)V+2 java.desktop@17.0.8
j  sun.awt.windows.WPanelPeer.<init>(Ljava/awt/Component;)V+2 java.desktop@17.0.8
j  sun.awt.windows.WWindowPeer.<init>(Ljava/awt/Window;)V+2 java.desktop@17.0.8
j  sun.awt.windows.WFramePeer.<init>(Ljava/awt/Frame;)V+2 java.desktop@17.0.8
j  sun.awt.windows.WToolkit.createFrame(Ljava/awt/Frame;)Ljava/awt/peer/FramePeer;+5 java.desktop@17.0.8
j  java.awt.Frame.addNotify()V+20 java.desktop@17.0.8
j  java.awt.Window.show()V+8 java.desktop@17.0.8
j  java.awt.Component.show(Z)V+5 java.desktop@17.0.8
j  java.awt.Component.setVisible(Z)V+2 java.desktop@17.0.8
j  java.awt.Window.setVisible(Z)V+2 java.desktop@17.0.8
j  principal.Main.main([Ljava/lang/String;)V+22
v  ~StubRoutines::call_stub

---------------  P R O C E S S  ---------------

Threads class SMR info:
_java_thread_list=0x00000239e5504ac0, length=18, elements={
0x00000239c9a674b0, 0x00000239e0b5a020, 0x00000239e0b5aea0, 0x00000239e0b8f2a0,
0x00000239e0b91c70, 0x00000239e0b92630, 0x00000239e0b9b000, 0x00000239e0ba7210,
0x00000239e0ba7cc0, 0x00000239e0baa6d0, 0x00000239e5138cf0, 0x00000239e5171820,
0x00000239e54538e0, 0x00000239e5453dc0, 0x00000239e5456d60, 0x00000239e54a2b20,
0x00000239e54f54d0, 0x00000239e550bb60
}

Java Threads: ( => current thread )
=>0x00000239c9a674b0 JavaThread "main" [_thread_in_vm, id=16568, stack(0x00000095bed00000,0x00000095bee00000)]
  0x00000239e0b5a020 JavaThread "Reference Handler" daemon [_thread_blocked, id=14256, stack(0x00000095bf400000,0x00000095bf500000)]
  0x00000239e0b5aea0 JavaThread "Finalizer" daemon [_thread_blocked, id=17728, stack(0x00000095bf500000,0x00000095bf600000)]
  0x00000239e0b8f2a0 JavaThread "Signal Dispatcher" daemon [_thread_blocked, id=12836, stack(0x00000095bf600000,0x00000095bf700000)]
  0x00000239e0b91c70 JavaThread "Attach Listener" daemon [_thread_blocked, id=8396, stack(0x00000095bf700000,0x00000095bf800000)]
  0x00000239e0b92630 JavaThread "Service Thread" daemon [_thread_blocked, id=13820, stack(0x00000095bf800000,0x00000095bf900000)]
  0x00000239e0b9b000 JavaThread "Monitor Deflation Thread" daemon [_thread_blocked, id=13324, stack(0x00000095bf900000,0x00000095bfa00000)]
  0x00000239e0ba7210 JavaThread "C2 CompilerThread0" daemon [_thread_blocked, id=8108, stack(0x00000095bfa00000,0x00000095bfb00000)]
  0x00000239e0ba7cc0 JavaThread "C1 CompilerThread0" daemon [_thread_blocked, id=14624, stack(0x00000095bfb00000,0x00000095bfc00000)]
  0x00000239e0baa6d0 JavaThread "Sweeper thread" daemon [_thread_blocked, id=8392, stack(0x00000095bfc00000,0x00000095bfd00000)]
  0x00000239e5138cf0 JavaThread "Notification Thread" daemon [_thread_blocked, id=13688, stack(0x00000095bfd00000,0x00000095bfe00000)]
  0x00000239e5171820 JavaThread "Common-Cleaner" daemon [_thread_blocked, id=17072, stack(0x00000095bff00000,0x00000095c0000000)]
  0x00000239e54538e0 JavaThread "Java2D Disposer" daemon [_thread_blocked, id=20200, stack(0x00000095c0000000,0x00000095c0100000)]
  0x00000239e5453dc0 JavaThread "AWT-Shutdown" [_thread_blocked, id=7704, stack(0x00000095c0100000,0x00000095c0200000)]
  0x00000239e5456d60 JavaThread "AWT-Windows" daemon [_thread_in_native, id=20140, stack(0x00000095c0200000,0x00000095c0300000)]
  0x00000239e54a2b20 JavaThread "Image Fetcher 0" daemon [_thread_blocked, id=13028, stack(0x00000095c0300000,0x00000095c0400000)]
  0x00000239e54f54d0 JavaThread "Image Fetcher 1" daemon [_thread_blocked, id=14028, stack(0x00000095c0400000,0x00000095c0500000)]
  0x00000239e550bb60 JavaThread "AWT-EventQueue-0" [_thread_blocked, id=18596, stack(0x00000095c0500000,0x00000095c0600000)]

Other Threads:
  0x00000239c9b2e670 VMThread "VM Thread" [stack: 0x00000095bf300000,0x00000095bf400000] [id=14856]
  0x00000239c9abfd70 WatcherThread [stack: 0x00000095bfe00000,0x00000095bff00000] [id=12792]
  0x00000239c9aa3510 GCTaskThread "GC Thread#0" [stack: 0x00000095bee00000,0x00000095bef00000] [id=16832]
  0x00000239c9aac940 ConcurrentGCThread "G1 Main Marker" [stack: 0x00000095bef00000,0x00000095bf000000] [id=7676]
  0x00000239c9aad350 ConcurrentGCThread "G1 Conc#0" [stack: 0x00000095bf000000,0x00000095bf100000] [id=2308]
  0x00000239c9afee60 ConcurrentGCThread "G1 Refine#0" [stack: 0x00000095bf100000,0x00000095bf200000] [id=14092]
  0x00000239c9aff890 ConcurrentGCThread "G1 Service" [stack: 0x00000095bf200000,0x00000095bf300000] [id=15864]

Threads with active compile tasks:

VM state: not at safepoint (normal execution)

VM Mutex/Monitor currently owned by a thread:  ([mutex/lock_event])
[0x00000239c9a604a0] Metaspace_lock - owner thread: 0x00000239c9a674b0

Heap address: 0x00000000c1600000, size: 1002 MB, Compressed Oops mode: 32-bit

CDS archive(s) not mapped
Compressed class space mapped at: 0x0000000100000000-0x0000000140000000, reserved size: 1073741824
Narrow klass base: 0x0000000000000000, Narrow klass shift: 3, Narrow klass range: 0x140000000

GC Precious Log:
 CPUs: 4 total, 4 available
 Memory: 4007M
 Large Page Support: Disabled
 NUMA Support: Disabled
 Compressed Oops: Enabled (32-bit)
 Heap Region Size: 1M
 Heap Min Capacity: 8M
 Heap Initial Capacity: 64M
 Heap Max Capacity: 1002M
 Pre-touch: Disabled
 Parallel Workers: 4
 Concurrent Workers: 1
 Concurrent Refinement Workers: 4
 Periodic GC: Disabled

Heap:
 garbage-first heap   total 65536K, used 4096K [0x00000000c1600000, 0x0000000100000000)
  region size 1024K, 5 young (5120K), 0 survivors (0K)
 Metaspace       used 11319K, committed 11456K, reserved 1114112K
  class space    used 1108K, committed 1216K, reserved 1048576K

Heap Regions: E=young(eden), S=young(survivor), O=old, HS=humongous(starts), HC=humongous(continues), CS=collection set, F=free, OA=open archive, CA=closed archive, TAMS=top-at-mark-start (previous, next)
|   0|0x00000000c1600000, 0x00000000c1600000, 0x00000000c1700000|  0%| F|  |TAMS 0x00000000c1600000, 0x00000000c1600000| Untracked 
|   1|0x00000000c1700000, 0x00000000c1700000, 0x00000000c1800000|  0%| F|  |TAMS 0x00000000c1700000, 0x00000000c1700000| Untracked 
|   2|0x00000000c1800000, 0x00000000c1800000, 0x00000000c1900000|  0%| F|  |TAMS 0x00000000c1800000, 0x00000000c1800000| Untracked 
|   3|0x00000000c1900000, 0x00000000c1900000, 0x00000000c1a00000|  0%| F|  |TAMS 0x00000000c1900000, 0x00000000c1900000| Untracked 
|   4|0x00000000c1a00000, 0x00000000c1a00000, 0x00000000c1b00000|  0%| F|  |TAMS 0x00000000c1a00000, 0x00000000c1a00000| Untracked 
|   5|0x00000000c1b00000, 0x00000000c1b00000, 0x00000000c1c00000|  0%| F|  |TAMS 0x00000000c1b00000, 0x00000000c1b00000| Untracked 
|   6|0x00000000c1c00000, 0x00000000c1c00000, 0x00000000c1d00000|  0%| F|  |TAMS 0x00000000c1c00000, 0x00000000c1c00000| Untracked 
|   7|0x00000000c1d00000, 0x00000000c1d00000, 0x00000000c1e00000|  0%| F|  |TAMS 0x00000000c1d00000, 0x00000000c1d00000| Untracked 
|   8|0x00000000c1e00000, 0x00000000c1e00000, 0x00000000c1f00000|  0%| F|  |TAMS 0x00000000c1e00000, 0x00000000c1e00000| Untracked 
|   9|0x00000000c1f00000, 0x00000000c1f00000, 0x00000000c2000000|  0%| F|  |TAMS 0x00000000c1f00000, 0x00000000c1f00000| Untracked 
|  10|0x00000000c2000000, 0x00000000c2000000, 0x00000000c2100000|  0%| F|  |TAMS 0x00000000c2000000, 0x00000000c2000000| Untracked 
|  11|0x00000000c2100000, 0x00000000c2100000, 0x00000000c2200000|  0%| F|  |TAMS 0x00000000c2100000, 0x00000000c2100000| Untracked 
|  12|0x00000000c2200000, 0x00000000c2200000, 0x00000000c2300000|  0%| F|  |TAMS 0x00000000c2200000, 0x00000000c2200000| Untracked 
|  13|0x00000000c2300000, 0x00000000c2300000, 0x00000000c2400000|  0%| F|  |TAMS 0x00000000c2300000, 0x00000000c2300000| Untracked 
|  14|0x00000000c2400000, 0x00000000c2400000, 0x00000000c2500000|  0%| F|  |TAMS 0x00000000c2400000, 0x00000000c2400000| Untracked 
|  15|0x00000000c2500000, 0x00000000c2500000, 0x00000000c2600000|  0%| F|  |TAMS 0x00000000c2500000, 0x00000000c2500000| Untracked 
|  16|0x00000000c2600000, 0x00000000c2600000, 0x00000000c2700000|  0%| F|  |TAMS 0x00000000c2600000, 0x00000000c2600000| Untracked 
|  17|0x00000000c2700000, 0x00000000c2700000, 0x00000000c2800000|  0%| F|  |TAMS 0x00000000c2700000, 0x00000000c2700000| Untracked 
|  18|0x00000000c2800000, 0x00000000c2800000, 0x00000000c2900000|  0%| F|  |TAMS 0x00000000c2800000, 0x00000000c2800000| Untracked 
|  19|0x00000000c2900000, 0x00000000c2900000, 0x00000000c2a00000|  0%| F|  |TAMS 0x00000000c2900000, 0x00000000c2900000| Untracked 
|  20|0x00000000c2a00000, 0x00000000c2a00000, 0x00000000c2b00000|  0%| F|  |TAMS 0x00000000c2a00000, 0x00000000c2a00000| Untracked 
|  21|0x00000000c2b00000, 0x00000000c2b00000, 0x00000000c2c00000|  0%| F|  |TAMS 0x00000000c2b00000, 0x00000000c2b00000| Untracked 
|  22|0x00000000c2c00000, 0x00000000c2c00000, 0x00000000c2d00000|  0%| F|  |TAMS 0x00000000c2c00000, 0x00000000c2c00000| Untracked 
|  23|0x00000000c2d00000, 0x00000000c2d00000, 0x00000000c2e00000|  0%| F|  |TAMS 0x00000000c2d00000, 0x00000000c2d00000| Untracked 
|  24|0x00000000c2e00000, 0x00000000c2e00000, 0x00000000c2f00000|  0%| F|  |TAMS 0x00000000c2e00000, 0x00000000c2e00000| Untracked 
|  25|0x00000000c2f00000, 0x00000000c2f00000, 0x00000000c3000000|  0%| F|  |TAMS 0x00000000c2f00000, 0x00000000c2f00000| Untracked 
|  26|0x00000000c3000000, 0x00000000c3000000, 0x00000000c3100000|  0%| F|  |TAMS 0x00000000c3000000, 0x00000000c3000000| Untracked 
|  27|0x00000000c3100000, 0x00000000c3100000, 0x00000000c3200000|  0%| F|  |TAMS 0x00000000c3100000, 0x00000000c3100000| Untracked 
|  28|0x00000000c3200000, 0x00000000c3200000, 0x00000000c3300000|  0%| F|  |TAMS 0x00000000c3200000, 0x00000000c3200000| Untracked 
|  29|0x00000000c3300000, 0x00000000c3300000, 0x00000000c3400000|  0%| F|  |TAMS 0x00000000c3300000, 0x00000000c3300000| Untracked 
|  30|0x00000000c3400000, 0x00000000c3400000, 0x00000000c3500000|  0%| F|  |TAMS 0x00000000c3400000, 0x00000000c3400000| Untracked 
|  31|0x00000000c3500000, 0x00000000c3500000, 0x00000000c3600000|  0%| F|  |TAMS 0x00000000c3500000, 0x00000000c3500000| Untracked 
|  32|0x00000000c3600000, 0x00000000c3600000, 0x00000000c3700000|  0%| F|  |TAMS 0x00000000c3600000, 0x00000000c3600000| Untracked 
|  33|0x00000000c3700000, 0x00000000c3700000, 0x00000000c3800000|  0%| F|  |TAMS 0x00000000c3700000, 0x00000000c3700000| Untracked 
|  34|0x00000000c3800000, 0x00000000c3800000, 0x00000000c3900000|  0%| F|  |TAMS 0x00000000c3800000, 0x00000000c3800000| Untracked 
|  35|0x00000000c3900000, 0x00000000c3900000, 0x00000000c3a00000|  0%| F|  |TAMS 0x00000000c3900000, 0x00000000c3900000| Untracked 
|  36|0x00000000c3a00000, 0x00000000c3a00000, 0x00000000c3b00000|  0%| F|  |TAMS 0x00000000c3a00000, 0x00000000c3a00000| Untracked 
|  37|0x00000000c3b00000, 0x00000000c3b00000, 0x00000000c3c00000|  0%| F|  |TAMS 0x00000000c3b00000, 0x00000000c3b00000| Untracked 
|  38|0x00000000c3c00000, 0x00000000c3c00000, 0x00000000c3d00000|  0%| F|  |TAMS 0x00000000c3c00000, 0x00000000c3c00000| Untracked 
|  39|0x00000000c3d00000, 0x00000000c3d00000, 0x00000000c3e00000|  0%| F|  |TAMS 0x00000000c3d00000, 0x00000000c3d00000| Untracked 
|  40|0x00000000c3e00000, 0x00000000c3e00000, 0x00000000c3f00000|  0%| F|  |TAMS 0x00000000c3e00000, 0x00000000c3e00000| Untracked 
|  41|0x00000000c3f00000, 0x00000000c3f00000, 0x00000000c4000000|  0%| F|  |TAMS 0x00000000c3f00000, 0x00000000c3f00000| Untracked 
|  42|0x00000000c4000000, 0x00000000c4000000, 0x00000000c4100000|  0%| F|  |TAMS 0x00000000c4000000, 0x00000000c4000000| Untracked 
|  43|0x00000000c4100000, 0x00000000c4100000, 0x00000000c4200000|  0%| F|  |TAMS 0x00000000c4100000, 0x00000000c4100000| Untracked 
|  44|0x00000000c4200000, 0x00000000c4200000, 0x00000000c4300000|  0%| F|  |TAMS 0x00000000c4200000, 0x00000000c4200000| Untracked 
|  45|0x00000000c4300000, 0x00000000c4300000, 0x00000000c4400000|  0%| F|  |TAMS 0x00000000c4300000, 0x00000000c4300000| Untracked 
|  46|0x00000000c4400000, 0x00000000c4400000, 0x00000000c4500000|  0%| F|  |TAMS 0x00000000c4400000, 0x00000000c4400000| Untracked 
|  47|0x00000000c4500000, 0x00000000c4500000, 0x00000000c4600000|  0%| F|  |TAMS 0x00000000c4500000, 0x00000000c4500000| Untracked 
|  48|0x00000000c4600000, 0x00000000c4600000, 0x00000000c4700000|  0%| F|  |TAMS 0x00000000c4600000, 0x00000000c4600000| Untracked 
|  49|0x00000000c4700000, 0x00000000c4700000, 0x00000000c4800000|  0%| F|  |TAMS 0x00000000c4700000, 0x00000000c4700000| Untracked 
|  50|0x00000000c4800000, 0x00000000c4800000, 0x00000000c4900000|  0%| F|  |TAMS 0x00000000c4800000, 0x00000000c4800000| Untracked 
|  51|0x00000000c4900000, 0x00000000c4900000, 0x00000000c4a00000|  0%| F|  |TAMS 0x00000000c4900000, 0x00000000c4900000| Untracked 
|  52|0x00000000c4a00000, 0x00000000c4a00000, 0x00000000c4b00000|  0%| F|  |TAMS 0x00000000c4a00000, 0x00000000c4a00000| Untracked 
|  53|0x00000000c4b00000, 0x00000000c4b00000, 0x00000000c4c00000|  0%| F|  |TAMS 0x00000000c4b00000, 0x00000000c4b00000| Untracked 
|  54|0x00000000c4c00000, 0x00000000c4c00000, 0x00000000c4d00000|  0%| F|  |TAMS 0x00000000c4c00000, 0x00000000c4c00000| Untracked 
|  55|0x00000000c4d00000, 0x00000000c4d00000, 0x00000000c4e00000|  0%| F|  |TAMS 0x00000000c4d00000, 0x00000000c4d00000| Untracked 
|  56|0x00000000c4e00000, 0x00000000c4e00000, 0x00000000c4f00000|  0%| F|  |TAMS 0x00000000c4e00000, 0x00000000c4e00000| Untracked 
|  57|0x00000000c4f00000, 0x00000000c4f00000, 0x00000000c5000000|  0%| F|  |TAMS 0x00000000c4f00000, 0x00000000c4f00000| Untracked 
|  58|0x00000000c5000000, 0x00000000c5000000, 0x00000000c5100000|  0%| F|  |TAMS 0x00000000c5000000, 0x00000000c5000000| Untracked 
|  59|0x00000000c5100000, 0x00000000c51ca378, 0x00000000c5200000| 78%| E|  |TAMS 0x00000000c5100000, 0x00000000c5100000| Complete 
|  60|0x00000000c5200000, 0x00000000c5300000, 0x00000000c5300000|100%| E|CS|TAMS 0x00000000c5200000, 0x00000000c5200000| Complete 
|  61|0x00000000c5300000, 0x00000000c5400000, 0x00000000c5400000|100%| E|CS|TAMS 0x00000000c5300000, 0x00000000c5300000| Complete 
|  62|0x00000000c5400000, 0x00000000c5500000, 0x00000000c5500000|100%| E|CS|TAMS 0x00000000c5400000, 0x00000000c5400000| Complete 
|  63|0x00000000c5500000, 0x00000000c5600000, 0x00000000c5600000|100%| E|CS|TAMS 0x00000000c5500000, 0x00000000c5500000| Complete 

Card table byte_map: [0x00000239dc330000,0x00000239dc530000] _byte_map_base: 0x00000239dbd25000

Marking Bits (Prev, Next): (CMBitMap*) 0x00000239c9aa3b30, (CMBitMap*) 0x00000239c9aa3b70
 Prev Bits: [0x00000239dc730000, 0x00000239dd6d8000)
 Next Bits: [0x00000239dd6e0000, 0x00000239de688000)

Polling page: 0x00000239c79d0000

Metaspace:

Usage:
  Non-class:      9.97 MB used.
      Class:      1.08 MB used.
       Both:     11.05 MB used.

Virtual space:
  Non-class space:       64.00 MB reserved,      10.00 MB ( 16%) committed,  1 nodes.
      Class space:        1.00 GB reserved,       1.19 MB ( <1%) committed,  1 nodes.
             Both:        1.06 GB reserved,      11.19 MB (  1%) committed. 

Chunk freelists:
   Non-Class:  5.00 MB
       Class:  14.75 MB
        Both:  19.75 MB

MaxMetaspaceSize: unlimited
CompressedClassSpaceSize: 1.00 GB
Initial GC threshold: 21.00 MB
Current GC threshold: 21.00 MB
CDS: off
MetaspaceReclaimPolicy: balanced
 - commit_granule_bytes: 65536.
 - commit_granule_words: 8192.
 - virtual_space_node_default_size: 8388608.
 - enlarge_chunks_in_place: 1.
 - new_chunks_are_fully_committed: 0.
 - uncommit_free_chunks: 1.
 - use_allocation_guard: 0.
 - handle_deallocations: 1.


Internal statistics:

num_allocs_failed_limit: 0.
num_arena_births: 98.
num_arena_deaths: 0.
num_vsnodes_births: 2.
num_vsnodes_deaths: 0.
num_space_committed: 179.
num_space_uncommitted: 0.
num_chunks_returned_to_freelist: 0.
num_chunks_taken_from_freelist: 156.
num_chunk_merges: 0.
num_chunk_splits: 79.
num_chunks_enlarged: 21.
num_inconsistent_stats: 0.

CodeHeap 'non-profiled nmethods': size=120000Kb used=139Kb max_used=139Kb free=119860Kb
 bounds [0x00000239d4c00000, 0x00000239d4e70000, 0x00000239dc130000]
CodeHeap 'profiled nmethods': size=120000Kb used=713Kb max_used=713Kb free=119286Kb
 bounds [0x00000239cd130000, 0x00000239cd3a0000, 0x00000239d4660000]
CodeHeap 'non-nmethods': size=5760Kb used=1221Kb max_used=1230Kb free=4538Kb
 bounds [0x00000239d4660000, 0x00000239d48d0000, 0x00000239d4c00000]
 total_blobs=1036 nmethods=504 adapters=445
 compilation: enabled
              stopped_count=0, restarted_count=0
 full_count=0

Compilation events (20 events):
Event: 0.353 Thread 0x00000239e0ba7cc0 nmethod 493 0x00000239cd1dd810 code [0x00000239cd1dd9e0, 0x00000239cd1dde18]
Event: 0.353 Thread 0x00000239e0ba7cc0  494       3       sun.java2d.loops.GraphicsPrimitiveMgr::locate (104 bytes)
Event: 0.353 Thread 0x00000239e0ba7cc0 nmethod 494 0x00000239cd1ddf90 code [0x00000239cd1de1c0, 0x00000239cd1debd8]
Event: 0.353 Thread 0x00000239e0ba7cc0  495       3       java.util.Arrays::binarySearch (10 bytes)
Event: 0.353 Thread 0x00000239e0ba7cc0 nmethod 495 0x00000239cd1dee90 code [0x00000239cd1df020, 0x00000239cd1df148]
Event: 0.353 Thread 0x00000239e0ba7cc0  496       1       sun.java2d.loops.SurfaceType::getSuperType (5 bytes)
Event: 0.353 Thread 0x00000239e0ba7cc0 nmethod 496 0x00000239d4c21d90 code [0x00000239d4c21f20, 0x00000239d4c21ff8]
Event: 0.354 Thread 0x00000239e0ba7210 nmethod 490 0x00000239d4c22090 code [0x00000239d4c22220, 0x00000239d4c22338]
Event: 0.354 Thread 0x00000239e0ba7210  497       4       sun.java2d.loops.GraphicsPrimitiveMgr$2::compare (39 bytes)
Event: 0.354 Thread 0x00000239e0ba7210 nmethod 497 0x00000239d4c22490 code [0x00000239d4c22620, 0x00000239d4c22718]
Event: 0.355 Thread 0x00000239e0ba7cc0  499       3       java.lang.ref.SoftReference::<init> (13 bytes)
Event: 0.356 Thread 0x00000239e0ba7cc0 nmethod 499 0x00000239cd1df210 code [0x00000239cd1df3c0, 0x00000239cd1df6d8]
Event: 0.356 Thread 0x00000239e0ba7cc0  500       3       java.util.concurrent.ConcurrentHashMap$Traverser::advance (188 bytes)
Event: 0.356 Thread 0x00000239e0ba7cc0 nmethod 500 0x00000239cd1df810 code [0x00000239cd1dfa60, 0x00000239cd1e0608]
Event: 0.359 Thread 0x00000239e0ba7cc0  501       3       java.lang.String::checkBoundsOffCount (64 bytes)
Event: 0.360 Thread 0x00000239e0ba7cc0 nmethod 501 0x00000239cd1e0890 code [0x00000239cd1e0b20, 0x00000239cd1e1418]
Event: 0.365 Thread 0x00000239e0ba7cc0  503       3       java.util.ArrayList::add (25 bytes)
Event: 0.366 Thread 0x00000239e0ba7cc0 nmethod 503 0x00000239cd1e1790 code [0x00000239cd1e1960, 0x00000239cd1e1d88]
Event: 0.366 Thread 0x00000239e0ba7cc0  504       3       java.util.ArrayList::add (23 bytes)
Event: 0.366 Thread 0x00000239e0ba7cc0 nmethod 504 0x00000239cd1e1f90 code [0x00000239cd1e2160, 0x00000239cd1e2508]

GC Heap History (0 events):
No events

Dll operation events (6 events):
Event: 0.007 Loaded shared library C:\Users\HomeWork\.p2\pool\plugins\org.eclipse.justj.openjdk.hotspot.jre.full.win32.x86_64_17.0.8.v20230801-1951\jre\bin\java.dll
Event: 0.106 Loaded shared library C:\Users\HomeWork\.p2\pool\plugins\org.eclipse.justj.openjdk.hotspot.jre.full.win32.x86_64_17.0.8.v20230801-1951\jre\bin\jimage.dll
Event: 0.139 Loaded shared library C:\Users\HomeWork\.p2\pool\plugins\org.eclipse.justj.openjdk.hotspot.jre.full.win32.x86_64_17.0.8.v20230801-1951\jre\bin\awt.dll
Event: 0.323 Loaded shared library C:\Users\HomeWork\.p2\pool\plugins\org.eclipse.justj.openjdk.hotspot.jre.full.win32.x86_64_17.0.8.v20230801-1951\jre\bin\zip.dll
Event: 0.361 Loaded shared library C:\Users\HomeWork\.p2\pool\plugins\org.eclipse.justj.openjdk.hotspot.jre.full.win32.x86_64_17.0.8.v20230801-1951\jre\bin\freetype.dll
Event: 0.362 Loaded shared library C:\Users\HomeWork\.p2\pool\plugins\org.eclipse.justj.openjdk.hotspot.jre.full.win32.x86_64_17.0.8.v20230801-1951\jre\bin\fontmanager.dll

Deoptimization events (0 events):
No events

Classes unloaded (0 events):
No events

Classes redefined (0 events):
No events

Internal exceptions (12 events):
Event: 0.128 Thread 0x00000239c9a674b0 Exception <a 'java/lang/ClassNotFoundException'{0x00000000c54342b8}: sun/awt/resources/spi/awtProvider> (0x00000000c54342b8) 
thrown [s\src\hotspot\share\classfile\systemDictionary.cpp, line 256]
Event: 0.157 Thread 0x00000239c9a674b0 Exception <a 'java/io/FileNotFoundException'{0x00000000c548e5e8}> (0x00000000c548e5e8) 
thrown [s\src\hotspot\share\prims\jni.cpp, line 516]
Event: 0.163 Thread 0x00000239c9a674b0 Exception <a 'java/io/FileNotFoundException'{0x00000000c54bb5c0}> (0x00000000c54bb5c0) 
thrown [s\src\hotspot\share\prims\jni.cpp, line 516]
Event: 0.213 Thread 0x00000239c9a674b0 Exception <a 'java/lang/NoSuchMethodError'{0x00000000c530d538}: 'java.lang.Object java.lang.invoke.DirectMethodHandle$Holder.invokeStaticInit(java.lang.Object)'> (0x00000000c530d538) 
thrown [s\src\hotspot\share\interpreter\linkResolver.cpp, line 759]
Event: 0.265 Thread 0x00000239c9a674b0 Exception <a 'java/lang/NoSuchMethodError'{0x00000000c5399d20}: 'void java.lang.invoke.DirectMethodHandle$Holder.invokeSpecial(java.lang.Object, java.lang.Object, java.lang.Object)'> (0x00000000c5399d20) 
thrown [s\src\hotspot\share\interpreter\linkResolver.cpp, line 759]
Event: 0.273 Thread 0x00000239c9a674b0 Exception <a 'java/lang/NoSuchMethodError'{0x00000000c53c3fe0}: 'java.lang.Object java.lang.invoke.DirectMethodHandle$Holder.newInvokeSpecial(java.lang.Object, java.lang.Object, java.lang.Object, java.lang.Object, java.lang.Object)'> (0x00000000c53c3fe0) 
thrown [s\src\hotspot\share\interpreter\linkResolver.cpp, line 759]
Event: 0.274 Thread 0x00000239c9a674b0 Exception <a 'java/lang/NoSuchMethodError'{0x00000000c53cfbe8}: 'java.lang.Object java.lang.invoke.DirectMethodHandle$Holder.invokeStatic(java.lang.Object, int, java.lang.Object, java.lang.Object, java.lang.Object, java.lang.Object)'> (0x00000000c53cfbe8) 
thrown [s\src\hotspot\share\interpreter\linkResolver.cpp, line 759]
Event: 0.278 Thread 0x00000239c9a674b0 Exception <a 'java/lang/NoSuchMethodError'{0x00000000c53f53a8}: 'java.lang.Object java.lang.invoke.DirectMethodHandle$Holder.invokeStatic(java.lang.Object, int, java.lang.Object)'> (0x00000000c53f53a8) 
thrown [s\src\hotspot\share\interpreter\linkResolver.cpp, line 759]
Event: 0.298 Thread 0x00000239c9a674b0 Exception <a 'java/lang/ClassNotFoundException'{0x00000000c52ad8b8}: com/sun/swing/internal/plaf/metal/resources/spi/metalProvider> (0x00000000c52ad8b8) 
thrown [s\src\hotspot\share\classfile\systemDictionary.cpp, line 256]
Event: 0.299 Thread 0x00000239c9a674b0 Exception <a 'java/lang/ClassNotFoundException'{0x00000000c52b2310}: com/sun/swing/internal/plaf/basic/resources/spi/basicProvider> (0x00000000c52b2310) 
thrown [s\src\hotspot\share\classfile\systemDictionary.cpp, line 256]
Event: 0.325 Thread 0x00000239e54a2b20 Exception <a 'java/lang/NoSuchMethodError'{0x00000000c510fe98}: 'java.lang.Object java.lang.invoke.DirectMethodHandle$Holder.newInvokeSpecial(java.lang.Object, java.lang.Object, java.lang.Object, int, int, int, int, int)'> (0x00000000c510fe98) 
thrown [s\src\hotspot\share\interpreter\linkResolver.cpp, line 759]
Event: 0.355 Thread 0x00000239c9a674b0 Exception <a 'java/lang/NoSuchMethodError'{0x00000000c52fb0c0}: 'void java.lang.invoke.DirectMethodHandle$Holder.invokeStaticInit(java.lang.Object)'> (0x00000000c52fb0c0) 
thrown [s\src\hotspot\share\interpreter\linkResolver.cpp, line 759]

VM Operations (4 events):
Event: 0.298 Executing VM operation: HandshakeAllThreads
Event: 0.298 Executing VM operation: HandshakeAllThreads done
Event: 0.311 Executing VM operation: HandshakeAllThreads
Event: 0.311 Executing VM operation: HandshakeAllThreads done

Events (20 events):
Event: 0.364 loading class sun/font/StrikeMetrics done
Event: 0.364 loading class java/awt/geom/Rectangle2D$Float
Event: 0.364 loading class java/awt/geom/Rectangle2D$Float done
Event: 0.364 loading class java/awt/geom/GeneralPath
Event: 0.364 loading class java/awt/geom/GeneralPath done
Event: 0.364 loading class sun/font/CharToGlyphMapper
Event: 0.364 loading class sun/font/CharToGlyphMapper done
Event: 0.364 loading class sun/font/PhysicalStrike
Event: 0.364 loading class sun/font/FontStrike
Event: 0.364 loading class sun/font/FontStrike done
Event: 0.364 loading class sun/font/PhysicalStrike done
Event: 0.364 loading class sun/font/StrikeCache
Event: 0.364 loading class sun/font/StrikeCache done
Event: 0.365 loading class sun/font/StrikeCache$1
Event: 0.365 loading class sun/font/StrikeCache$1 done
Event: 0.365 loading class sun/font/GlyphList
Event: 0.365 loading class sun/font/GlyphList done
Event: 0.365 loading class sun/font/FontManagerFactory
Event: 0.365 loading class sun/font/FontManagerFactory done
Event: 0.365 loading class sun/font/FontManagerFactory$1


Dynamic libraries:
0x00007ff70f2b0000 - 0x00007ff70f2be000 	C:\Users\HomeWork\.p2\pool\plugins\org.eclipse.justj.openjdk.hotspot.jre.full.win32.x86_64_17.0.8.v20230801-1951\jre\bin\javaw.exe
0x00007ffcf46b0000 - 0x00007ffcf48a7000 	C:\Windows\SYSTEM32\ntdll.dll
0x00007ffcf34d0000 - 0x00007ffcf358d000 	C:\Windows\System32\KERNEL32.DLL
0x00007ffcf22f0000 - 0x00007ffcf25e6000 	C:\Windows\System32\KERNELBASE.dll
0x00007ffcf1d90000 - 0x00007ffcf1e90000 	C:\Windows\System32\ucrtbase.dll
0x00007ffcdf4a0000 - 0x00007ffcdf4b7000 	C:\Users\HomeWork\.p2\pool\plugins\org.eclipse.justj.openjdk.hotspot.jre.full.win32.x86_64_17.0.8.v20230801-1951\jre\bin\jli.dll
0x00007ffcdac90000 - 0x00007ffcdaca9000 	C:\Users\HomeWork\.p2\pool\plugins\org.eclipse.justj.openjdk.hotspot.jre.full.win32.x86_64_17.0.8.v20230801-1951\jre\bin\VCRUNTIME140.dll
0x00007ffcf4220000 - 0x00007ffcf43be000 	C:\Windows\System32\USER32.dll
0x00007ffcf2020000 - 0x00007ffcf2042000 	C:\Windows\System32\win32u.dll
0x00007ffce3e20000 - 0x00007ffce40ba000 	C:\Windows\WinSxS\amd64_microsoft.windows.common-controls_6595b64144ccf1df_6.0.19041.3570_none_60bb2a3971f3e41a\COMCTL32.dll
0x00007ffcf4030000 - 0x00007ffcf405c000 	C:\Windows\System32\GDI32.dll
0x00007ffcf30b0000 - 0x00007ffcf314e000 	C:\Windows\System32\msvcrt.dll
0x00007ffcf25f0000 - 0x00007ffcf270a000 	C:\Windows\System32\gdi32full.dll
0x00007ffcf2250000 - 0x00007ffcf22ed000 	C:\Windows\System32\msvcp_win.dll
0x00007ffcf2f00000 - 0x00007ffcf2f30000 	C:\Windows\System32\IMM32.DLL
0x00007ffced820000 - 0x00007ffced82c000 	C:\Users\HomeWork\.p2\pool\plugins\org.eclipse.justj.openjdk.hotspot.jre.full.win32.x86_64_17.0.8.v20230801-1951\jre\bin\vcruntime140_1.dll
0x00007ffcc7390000 - 0x00007ffcc7421000 	C:\Users\HomeWork\.p2\pool\plugins\org.eclipse.justj.openjdk.hotspot.jre.full.win32.x86_64_17.0.8.v20230801-1951\jre\bin\msvcp140.dll
0x00007ffc694d0000 - 0x00007ffc6a11c000 	C:\Users\HomeWork\.p2\pool\plugins\org.eclipse.justj.openjdk.hotspot.jre.full.win32.x86_64_17.0.8.v20230801-1951\jre\bin\server\jvm.dll
0x00007ffcf4170000 - 0x00007ffcf421e000 	C:\Windows\System32\ADVAPI32.dll
0x00007ffcf2e60000 - 0x00007ffcf2efc000 	C:\Windows\System32\sechost.dll
0x00007ffcf4540000 - 0x00007ffcf4666000 	C:\Windows\System32\RPCRT4.dll
0x00007ffcf1b40000 - 0x00007ffcf1b8b000 	C:\Windows\SYSTEM32\POWRPROF.dll
0x00007ffcd2cf0000 - 0x00007ffcd2cf9000 	C:\Windows\SYSTEM32\WSOCK32.dll
0x00007ffce5f10000 - 0x00007ffce5f37000 	C:\Windows\SYSTEM32\WINMM.dll
0x00007ffcf3c60000 - 0x00007ffcf3ccb000 	C:\Windows\System32\WS2_32.dll
0x00007ffce3e10000 - 0x00007ffce3e1a000 	C:\Windows\SYSTEM32\VERSION.dll
0x00007ffcf1b20000 - 0x00007ffcf1b32000 	C:\Windows\SYSTEM32\UMPDC.dll
0x00007ffcefb70000 - 0x00007ffcefb82000 	C:\Windows\SYSTEM32\kernel.appcore.dll
0x00007ffce7110000 - 0x00007ffce711a000 	C:\Users\HomeWork\.p2\pool\plugins\org.eclipse.justj.openjdk.hotspot.jre.full.win32.x86_64_17.0.8.v20230801-1951\jre\bin\jimage.dll
0x00007ffce1ba0000 - 0x00007ffce1d84000 	C:\Windows\SYSTEM32\DBGHELP.DLL
0x00007ffce1e30000 - 0x00007ffce1e64000 	C:\Windows\SYSTEM32\dbgcore.DLL
0x00007ffcf2050000 - 0x00007ffcf20d2000 	C:\Windows\System32\bcryptPrimitives.dll
0x00007ffccd320000 - 0x00007ffccd345000 	C:\Users\HomeWork\.p2\pool\plugins\org.eclipse.justj.openjdk.hotspot.jre.full.win32.x86_64_17.0.8.v20230801-1951\jre\bin\java.dll
0x00007ffcdc8e0000 - 0x00007ffcdc8f8000 	C:\Users\HomeWork\.p2\pool\plugins\org.eclipse.justj.openjdk.hotspot.jre.full.win32.x86_64_17.0.8.v20230801-1951\jre\bin\zip.dll
0x00007ffcf2710000 - 0x00007ffcf2e54000 	C:\Windows\System32\SHELL32.dll
0x00007ffcefe50000 - 0x00007ffcf05eb000 	C:\Windows\SYSTEM32\windows.storage.dll
0x00007ffcf3cd0000 - 0x00007ffcf4024000 	C:\Windows\System32\combase.dll
0x00007ffcf1700000 - 0x00007ffcf172d000 	C:\Windows\SYSTEM32\Wldp.dll
0x00007ffcf3590000 - 0x00007ffcf363d000 	C:\Windows\System32\SHCORE.dll
0x00007ffcf4060000 - 0x00007ffcf40b5000 	C:\Windows\System32\shlwapi.dll
0x00007ffcf1cc0000 - 0x00007ffcf1ce5000 	C:\Windows\SYSTEM32\profapi.dll
0x00007ffcc5eb0000 - 0x00007ffcc603e000 	C:\Users\HomeWork\.p2\pool\plugins\org.eclipse.justj.openjdk.hotspot.jre.full.win32.x86_64_17.0.8.v20230801-1951\jre\bin\awt.dll
0x00007ffcf43c0000 - 0x00007ffcf448d000 	C:\Windows\System32\OLEAUT32.dll
0x00007ffcef680000 - 0x00007ffcef710000 	C:\Windows\SYSTEM32\apphelp.dll
0x00007ffcefb40000 - 0x00007ffcefb6f000 	C:\Windows\system32\DWMAPI.DLL
0x00007ffcef780000 - 0x00007ffcef81e000 	C:\Windows\system32\uxtheme.dll
0x00007ffcd1bf0000 - 0x00007ffcd1d15000 	C:\Windows\system32\opengl32.dll
0x00007ffcddf10000 - 0x00007ffcddf3c000 	C:\Windows\SYSTEM32\GLU32.dll
0x00007ffcf2f90000 - 0x00007ffcf30a4000 	C:\Windows\System32\MSCTF.dll
0x00007ffcf3250000 - 0x00007ffcf337b000 	C:\Windows\System32\ole32.dll
0x00007ffccadf0000 - 0x00007ffccae76000 	C:\Users\HomeWork\.p2\pool\plugins\org.eclipse.justj.openjdk.hotspot.jre.full.win32.x86_64_17.0.8.v20230801-1951\jre\bin\freetype.dll
0x00007ffcc6620000 - 0x00007ffcc66f3000 	C:\Users\HomeWork\.p2\pool\plugins\org.eclipse.justj.openjdk.hotspot.jre.full.win32.x86_64_17.0.8.v20230801-1951\jre\bin\fontmanager.dll

dbghelp: loaded successfully - version: 4.0.5 - missing functions: none
symbol engine: initialized successfully - sym options: 0x614 - pdb path: .;C:\Users\HomeWork\.p2\pool\plugins\org.eclipse.justj.openjdk.hotspot.jre.full.win32.x86_64_17.0.8.v20230801-1951\jre\bin;C:\Windows\SYSTEM32;C:\Windows\WinSxS\amd64_microsoft.windows.common-controls_6595b64144ccf1df_6.0.19041.3570_none_60bb2a3971f3e41a;C:\Users\HomeWork\.p2\pool\plugins\org.eclipse.justj.openjdk.hotspot.jre.full.win32.x86_64_17.0.8.v20230801-1951\jre\bin\server

VM Arguments:
jvm_args: -Dfile.encoding=UTF-8 -XX:+ShowCodeDetailsInExceptionMessages 
java_command: principal.Main
java_class_path (initial): C:\Users\HomeWork\OneDrive\tareas de asbel\JAVA\Proyecto-JAVA\bin
Launcher Type: SUN_STANDARD

[Global flags]
     intx CICompilerCount                          = 3                                         {product} {ergonomic}
     uint ConcGCThreads                            = 1                                         {product} {ergonomic}
     uint G1ConcRefinementThreads                  = 4                                         {product} {ergonomic}
   size_t G1HeapRegionSize                         = 1048576                                   {product} {ergonomic}
    uintx GCDrainStackTargetSize                   = 64                                        {product} {ergonomic}
   size_t InitialHeapSize                          = 67108864                                  {product} {ergonomic}
   size_t MarkStackSize                            = 4194304                                   {product} {ergonomic}
   size_t MaxHeapSize                              = 1050673152                                {product} {ergonomic}
   size_t MaxNewSize                               = 630194176                                 {product} {ergonomic}
   size_t MinHeapDeltaBytes                        = 1048576                                   {product} {ergonomic}
   size_t MinHeapSize                              = 8388608                                   {product} {ergonomic}
    uintx NonNMethodCodeHeapSize                   = 5832780                                {pd product} {ergonomic}
    uintx NonProfiledCodeHeapSize                  = 122912730                              {pd product} {ergonomic}
    uintx ProfiledCodeHeapSize                     = 122912730                              {pd product} {ergonomic}
    uintx ReservedCodeCacheSize                    = 251658240                              {pd product} {ergonomic}
     bool SegmentedCodeCache                       = true                                      {product} {ergonomic}
     bool ShowCodeDetailsInExceptionMessages       = true                                   {manageable} {command line}
   size_t SoftMaxHeapSize                          = 1050673152                             {manageable} {ergonomic}
     bool UseCompressedClassPointers               = true                           {product lp64_product} {ergonomic}
     bool UseCompressedOops                        = true                           {product lp64_product} {ergonomic}
     bool UseG1GC                                  = true                                      {product} {ergonomic}
     bool UseLargePagesIndividualAllocation        = false                                  {pd product} {ergonomic}

Logging:
Log output configuration:
 #0: stdout all=warning uptime,level,tags
 #1: stderr all=off uptime,level,tags

Environment Variables:
PATH=C:/Users/HomeWork/.p2/pool/plugins/org.eclipse.justj.openjdk.hotspot.jre.full.win32.x86_64_17.0.8.v20230801-1951/jre/bin/server;C:/Users/HomeWork/.p2/pool/plugins/org.eclipse.justj.openjdk.hotspot.jre.full.win32.x86_64_17.0.8.v20230801-1951/jre/bin;C:\Program Files\Common Files\Oracle\Java\javapath;C:\Windows\system32;C:\Windows;C:\Windows\System32\Wbem;C:\Windows\System32\WindowsPowerShell\v1.0\;C:\Windows\System32\OpenSSH\;C:\Users\HomeWork\AppData\Local\Programs\Python\Python311\Scripts\;C:\Users\HomeWork\AppData\Local\Programs\Python\Python311\;C:\Users\HomeWork\AppData\Local\Microsoft\WindowsApps;;C:\Users\HomeWork\AppData\Local\Programs\Microsoft VS Code\bin;C:\Users\HomeWork\Desktop;
USERNAME=HomeWork
OS=Windows_NT
PROCESSOR_IDENTIFIER=Intel64 Family 6 Model 60 Stepping 3, GenuineIntel
TMP=C:\Users\HomeWork\AppData\Local\Temp
TEMP=C:\Users\HomeWork\AppData\Local\Temp



---------------  S Y S T E M  ---------------

OS:
 Windows 10 , 64 bit Build 19041 (10.0.19041.3570)
OS uptime: 2 days 0:46 hours

CPU: total 4 (initial active 4) (4 cores per cpu, 1 threads per core) family 6 model 60 stepping 3 microcode 0x27, cx8, cmov, fxsr, mmx, sse, sse2, sse3, ssse3, sse4.1, sse4.2, popcnt, lzcnt, tsc, tscinvbit, avx, avx2, aes, erms, clmul, bmi1, bmi2, fma, vzeroupper, clflush
Processor Information for all 4 processors :
  Max Mhz: 3101, Current Mhz: 3101, Mhz Limit: 3101

Memory: 4k page, system-wide physical 4007M (274M free)
TotalPageFile size 16295M (AvailPageFile size 2M)
current process WorkingSet (physical memory assigned to process): 49M, peak: 49M
current process commit charge ("private bytes"): 139M, peak: 139M

vm_info: OpenJDK 64-Bit Server VM (17.0.8+7) for windows-amd64 JRE (17.0.8+7), built on Jul 18 2023 21:02:32 by "admin" with MS VC++ 16.7 (VS2019)

END.
