#
# There is insufficient memory for the Java Runtime Environment to continue.
# Native memory allocation (mmap) failed to map 67108864 bytes for G1 virtual space
# Possible reasons:
#   The system is out of physical RAM or swap space
#   The process is running with CompressedOops enabled, and the Java Heap may be blocking the growth of the native heap
# Possible solutions:
#   Reduce memory load on the system
#   Increase physical memory or swap space
#   Check if swap backing store is full
#   Decrease Java heap size (-Xmx/-Xms)
#   Decrease number of Java threads
#   Decrease Java thread stack sizes (-Xss)
#   Set larger code cache with -XX:ReservedCodeCacheSize=
#   JVM is running with Unscaled Compressed Oops mode in which the Java heap is
#     placed in the first 4GB address space. The Java Heap base address is the
#     maximum limit for the native heap growth. Please use -XX:HeapBaseMinAddress
#     to set the Java Heap base and to place the Java Heap above 4GB virtual address.
# This output file may be truncated or incomplete.
#
#  Out of Memory Error (os_windows.cpp:3617), pid=5728, tid=1788
#
# JRE version:  (17.0.8+7) (build )
# Java VM: OpenJDK 64-Bit Server VM (17.0.8+7, mixed mode, sharing, tiered, compressed oops, compressed class ptrs, g1 gc, windows-amd64)
# No core dump will be written. Minidumps are not enabled by default on client versions of Windows
#

---------------  S U M M A R Y ------------

Command Line: -Dfile.encoding=UTF-8 -XX:+ShowCodeDetailsInExceptionMessages principal.Main

Host: Intel(R) Core(TM) i5-4670S CPU @ 3.10GHz, 4 cores, 3G,  Windows 10 , 64 bit Build 19041 (10.0.19041.3570)
Time: Thu Nov  9 12:47:11 2023 Hora est. Pacífico, Sudamérica elapsed time: 0.012054 seconds (0d 0h 0m 0s)

---------------  T H R E A D  ---------------

Current thread (0x000001e7333d8090):  JavaThread "Unknown thread" [_thread_in_vm, id=1788, stack(0x000000764b700000,0x000000764b800000)]

Stack: [0x000000764b700000,0x000000764b800000]
Native frames: (J=compiled Java code, j=interpreted, Vv=VM code, C=native code)
V  [jvm.dll+0x678b0a]
V  [jvm.dll+0x835e84]
V  [jvm.dll+0x83762e]
V  [jvm.dll+0x837c93]
V  [jvm.dll+0x24746f]
V  [jvm.dll+0x675859]
V  [jvm.dll+0x66a0ea]
V  [jvm.dll+0x306c7b]
V  [jvm.dll+0x30e166]
V  [jvm.dll+0x35dd3e]
V  [jvm.dll+0x35df6f]
V  [jvm.dll+0x2ddb48]
V  [jvm.dll+0x2deab4]
V  [jvm.dll+0x807f31]
V  [jvm.dll+0x36bb21]
V  [jvm.dll+0x7e733c]
V  [jvm.dll+0x3ee4af]
V  [jvm.dll+0x3f00c1]
C  [jli.dll+0x528b]
C  [ucrtbase.dll+0x21bb2]
C  [KERNEL32.DLL+0x17344]
C  [ntdll.dll+0x526b1]


---------------  P R O C E S S  ---------------

Threads class SMR info:
_java_thread_list=0x00007ffc947da018, length=0, elements={
}

Java Threads: ( => current thread )

Other Threads:
  0x000001e7334126f0 GCTaskThread "GC Thread#0" [stack: 0x000000764b800000,0x000000764b900000] [id=19708]
  0x000001e73341bb20 ConcurrentGCThread "G1 Main Marker" [stack: 0x000000764b900000,0x000000764ba00000] [id=10104]
  0x000001e73341c530 ConcurrentGCThread "G1 Conc#0" [stack: 0x000000764ba00000,0x000000764bb00000] [id=12600]

[error occurred during error reporting (printing all threads), id 0xc0000005, EXCEPTION_ACCESS_VIOLATION (0xc0000005) at pc=0x00007ffc93fae587]

VM state: not at safepoint (not fully initialized)

VM Mutex/Monitor currently owned by a thread:  ([mutex/lock_event])
[0x000001e7333cff50] Heap_lock - owner thread: 0x000001e7333d8090

Heap address: 0x00000000c1600000, size: 1002 MB, Compressed Oops mode: 32-bit

CDS archive(s) mapped at: [0x0000000000000000-0x0000000000000000-0x0000000000000000), size 0, SharedBaseAddress: 0x0000000800000000, ArchiveRelocationMode: 1.
Narrow klass base: 0x0000000000000000, Narrow klass shift: 0, Narrow klass range: 0x0

GC Precious Log:
<Empty>

Heap:
 garbage-first heap   total 0K, used 0K [0x00000000c1600000, 0x0000000100000000)
  region size 1024K, 0 young (0K), 0 survivors (0K)

[error occurred during error reporting (printing heap information), id 0xc0000005, EXCEPTION_ACCESS_VIOLATION (0xc0000005) at pc=0x00007ffc94392699]

GC Heap History (0 events):
No events

Dll operation events (1 events):
Event: 0.007 Loaded shared library C:\Users\HomeWork\.p2\pool\plugins\org.eclipse.justj.openjdk.hotspot.jre.full.win32.x86_64_17.0.8.v20230801-1951\jre\bin\java.dll

Deoptimization events (0 events):
No events

Classes unloaded (0 events):
No events

Classes redefined (0 events):
No events

Internal exceptions (0 events):
No events

VM Operations (0 events):
No events

Events (0 events):
No events


Dynamic libraries:
0x00007ff79fed0000 - 0x00007ff79fede000 	C:\Users\HomeWork\.p2\pool\plugins\org.eclipse.justj.openjdk.hotspot.jre.full.win32.x86_64_17.0.8.v20230801-1951\jre\bin\javaw.exe
0x00007ffcf46b0000 - 0x00007ffcf48a7000 	C:\Windows\SYSTEM32\ntdll.dll
0x00007ffcf34d0000 - 0x00007ffcf358d000 	C:\Windows\System32\KERNEL32.DLL
0x00007ffcf22f0000 - 0x00007ffcf25e6000 	C:\Windows\System32\KERNELBASE.dll
0x00007ffcf1d90000 - 0x00007ffcf1e90000 	C:\Windows\System32\ucrtbase.dll
0x00007ffcecab0000 - 0x00007ffcecac7000 	C:\Users\HomeWork\.p2\pool\plugins\org.eclipse.justj.openjdk.hotspot.jre.full.win32.x86_64_17.0.8.v20230801-1951\jre\bin\jli.dll
0x00007ffce9e50000 - 0x00007ffce9e69000 	C:\Users\HomeWork\.p2\pool\plugins\org.eclipse.justj.openjdk.hotspot.jre.full.win32.x86_64_17.0.8.v20230801-1951\jre\bin\VCRUNTIME140.dll
0x00007ffcf4220000 - 0x00007ffcf43be000 	C:\Windows\System32\USER32.dll
0x00007ffcf2020000 - 0x00007ffcf2042000 	C:\Windows\System32\win32u.dll
0x00007ffce3e20000 - 0x00007ffce40ba000 	C:\Windows\WinSxS\amd64_microsoft.windows.common-controls_6595b64144ccf1df_6.0.19041.3570_none_60bb2a3971f3e41a\COMCTL32.dll
0x00007ffcf4030000 - 0x00007ffcf405c000 	C:\Windows\System32\GDI32.dll
0x00007ffcf30b0000 - 0x00007ffcf314e000 	C:\Windows\System32\msvcrt.dll
0x00007ffcf25f0000 - 0x00007ffcf270a000 	C:\Windows\System32\gdi32full.dll
0x00007ffcf2250000 - 0x00007ffcf22ed000 	C:\Windows\System32\msvcp_win.dll
0x00007ffcf2f00000 - 0x00007ffcf2f30000 	C:\Windows\System32\IMM32.DLL
0x00007ffced8b0000 - 0x00007ffced8bc000 	C:\Users\HomeWork\.p2\pool\plugins\org.eclipse.justj.openjdk.hotspot.jre.full.win32.x86_64_17.0.8.v20230801-1951\jre\bin\vcruntime140_1.dll
0x00007ffce7a90000 - 0x00007ffce7b21000 	C:\Users\HomeWork\.p2\pool\plugins\org.eclipse.justj.openjdk.hotspot.jre.full.win32.x86_64_17.0.8.v20230801-1951\jre\bin\msvcp140.dll
0x00007ffc93cc0000 - 0x00007ffc9490c000 	C:\Users\HomeWork\.p2\pool\plugins\org.eclipse.justj.openjdk.hotspot.jre.full.win32.x86_64_17.0.8.v20230801-1951\jre\bin\server\jvm.dll
0x00007ffcf4170000 - 0x00007ffcf421e000 	C:\Windows\System32\ADVAPI32.dll
0x00007ffcf2e60000 - 0x00007ffcf2efc000 	C:\Windows\System32\sechost.dll
0x00007ffcf4540000 - 0x00007ffcf4666000 	C:\Windows\System32\RPCRT4.dll
0x00007ffcf1b40000 - 0x00007ffcf1b8b000 	C:\Windows\SYSTEM32\POWRPROF.dll
0x00007ffced5c0000 - 0x00007ffced5c9000 	C:\Windows\SYSTEM32\WSOCK32.dll
0x00007ffce5f10000 - 0x00007ffce5f37000 	C:\Windows\SYSTEM32\WINMM.dll
0x00007ffcf3c60000 - 0x00007ffcf3ccb000 	C:\Windows\System32\WS2_32.dll
0x00007ffce3e10000 - 0x00007ffce3e1a000 	C:\Windows\SYSTEM32\VERSION.dll
0x00007ffcf1b20000 - 0x00007ffcf1b32000 	C:\Windows\SYSTEM32\UMPDC.dll
0x00007ffcefb70000 - 0x00007ffcefb82000 	C:\Windows\SYSTEM32\kernel.appcore.dll
0x00007ffce1f20000 - 0x00007ffce1f2a000 	C:\Users\HomeWork\.p2\pool\plugins\org.eclipse.justj.openjdk.hotspot.jre.full.win32.x86_64_17.0.8.v20230801-1951\jre\bin\jimage.dll
0x00007ffce1ba0000 - 0x00007ffce1d84000 	C:\Windows\SYSTEM32\DBGHELP.DLL
0x00007ffce1e30000 - 0x00007ffce1e64000 	C:\Windows\SYSTEM32\dbgcore.DLL
0x00007ffcf2050000 - 0x00007ffcf20d2000 	C:\Windows\System32\bcryptPrimitives.dll
0x00007ffc95dd0000 - 0x00007ffc95df5000 	C:\Users\HomeWork\.p2\pool\plugins\org.eclipse.justj.openjdk.hotspot.jre.full.win32.x86_64_17.0.8.v20230801-1951\jre\bin\java.dll

dbghelp: loaded successfully - version: 4.0.5 - missing functions: none
symbol engine: initialized successfully - sym options: 0x614 - pdb path: .;C:\Users\HomeWork\.p2\pool\plugins\org.eclipse.justj.openjdk.hotspot.jre.full.win32.x86_64_17.0.8.v20230801-1951\jre\bin;C:\Windows\SYSTEM32;C:\Windows\WinSxS\amd64_microsoft.windows.common-controls_6595b64144ccf1df_6.0.19041.3570_none_60bb2a3971f3e41a;C:\Users\HomeWork\.p2\pool\plugins\org.eclipse.justj.openjdk.hotspot.jre.full.win32.x86_64_17.0.8.v20230801-1951\jre\bin\server

VM Arguments:
jvm_args: -Dfile.encoding=UTF-8 -XX:+ShowCodeDetailsInExceptionMessages 
java_command: principal.Main
java_class_path (initial): C:\Users\HomeWork\OneDrive\tareas de asbel\JAVA\Proyecto-JAVA\bin
Launcher Type: SUN_STANDARD

[Global flags]
     intx CICompilerCount                          = 3                                         {product} {ergonomic}
     uint ConcGCThreads                            = 1                                         {product} {ergonomic}
     uint G1ConcRefinementThreads                  = 4                                         {product} {ergonomic}
   size_t G1HeapRegionSize                         = 1048576                                   {product} {ergonomic}
    uintx GCDrainStackTargetSize                   = 64                                        {product} {ergonomic}
   size_t InitialHeapSize                          = 67108864                                  {product} {ergonomic}
   size_t MarkStackSize                            = 4194304                                   {product} {ergonomic}
   size_t MaxHeapSize                              = 1050673152                                {product} {ergonomic}
   size_t MinHeapDeltaBytes                        = 1048576                                   {product} {ergonomic}
   size_t MinHeapSize                              = 8388608                                   {product} {ergonomic}
    uintx NonNMethodCodeHeapSize                   = 5832780                                {pd product} {ergonomic}
    uintx NonProfiledCodeHeapSize                  = 122912730                              {pd product} {ergonomic}
    uintx ProfiledCodeHeapSize                     = 122912730                              {pd product} {ergonomic}
    uintx ReservedCodeCacheSize                    = 251658240                              {pd product} {ergonomic}
     bool SegmentedCodeCache                       = true                                      {product} {ergonomic}
     bool ShowCodeDetailsInExceptionMessages       = true                                   {manageable} {command line}
   size_t SoftMaxHeapSize                          = 1050673152                             {manageable} {ergonomic}
     bool UseCompressedClassPointers               = true                           {product lp64_product} {ergonomic}
     bool UseCompressedOops                        = true                           {product lp64_product} {ergonomic}
     bool UseG1GC                                  = true                                      {product} {ergonomic}
     bool UseLargePagesIndividualAllocation        = false                                  {pd product} {ergonomic}

Logging:
Log output configuration:
 #0: stdout all=warning uptime,level,tags
 #1: stderr all=off uptime,level,tags

Environment Variables:
PATH=C:/Users/HomeWork/.p2/pool/plugins/org.eclipse.justj.openjdk.hotspot.jre.full.win32.x86_64_17.0.8.v20230801-1951/jre/bin/server;C:/Users/HomeWork/.p2/pool/plugins/org.eclipse.justj.openjdk.hotspot.jre.full.win32.x86_64_17.0.8.v20230801-1951/jre/bin;C:\Program Files\Common Files\Oracle\Java\javapath;C:\Windows\system32;C:\Windows;C:\Windows\System32\Wbem;C:\Windows\System32\WindowsPowerShell\v1.0\;C:\Windows\System32\OpenSSH\;C:\Program Files\Git\cmd;C:\Users\HomeWork\AppData\Local\Programs\Python\Python311\Scripts\;C:\Users\HomeWork\AppData\Local\Programs\Python\Python311\;C:\Users\HomeWork\AppData\Local\Microsoft\WindowsApps;;C:\Users\HomeWork\AppData\Local\Programs\Microsoft VS Code\bin;C:\Users\HomeWork\Desktop;
USERNAME=HomeWork
OS=Windows_NT
PROCESSOR_IDENTIFIER=Intel64 Family 6 Model 60 Stepping 3, GenuineIntel
TMP=C:\Users\HomeWork\AppData\Local\Temp
TEMP=C:\Users\HomeWork\AppData\Local\Temp



---------------  S Y S T E M  ---------------

OS:
 Windows 10 , 64 bit Build 19041 (10.0.19041.3570)
OS uptime: 2 days 19:09 hours

CPU: total 4 (initial active 4) (4 cores per cpu, 1 threads per core) family 6 model 60 stepping 3 microcode 0x27, cx8, cmov, fxsr, mmx, sse, sse2, sse3, ssse3, sse4.1, sse4.2, popcnt, lzcnt, tsc, tscinvbit, avx, avx2, aes, erms, clmul, bmi1, bmi2, fma, vzeroupper, clflush
Processor Information for all 4 processors :
  Max Mhz: 3101, Current Mhz: 3101, Mhz Limit: 3101

Memory: 4k page, system-wide physical 4007M (345M free)
TotalPageFile size 16295M (AvailPageFile size 58M)
current process WorkingSet (physical memory assigned to process): 10M, peak: 10M
current process commit charge ("private bytes"): 51M, peak: 115M

vm_info: OpenJDK 64-Bit Server VM (17.0.8+7) for windows-amd64 JRE (17.0.8+7), built on Jul 18 2023 21:02:32 by "admin" with MS VC++ 16.7 (VS2019)

END.
